0 verbose cli /usr/local/bin/node /usr/local/bin/npm
1 info using npm@10.9.2
2 info using node@v22.14.0
3 silly config load:file:/usr/local/lib/node_modules/npm/npmrc
4 silly config load:file:/Users/t.punhongwiset/Documents/Autobot/WorkFlow_New_Product/.npmrc
5 silly config load:file:/Users/t.punhongwiset/.npmrc
6 silly config load:file:/usr/local/etc/npmrc
7 verbose title npm install shadcn
8 verbose argv "install" "--cache" "./npm-cache" "--save-dev" "shadcn"
9 verbose logfile logs-max:10 dir:/Users/t.punhongwiset/Documents/Autobot/WorkFlow_New_Product/npm-cache/_logs/2026-01-27T16_17_14_619Z-
10 verbose logfile /Users/t.punhongwiset/Documents/Autobot/WorkFlow_New_Product/npm-cache/_logs/2026-01-27T16_17_14_619Z-debug-0.log
11 silly logfile done cleaning log files
12 silly packumentCache heap:2197815296 maxSize:549453824 maxEntrySize:274726912
13 silly idealTree buildDeps
14 silly fetch manifest shadcn@*
15 silly packumentCache full:https://registry.npmjs.org/shadcn cache-miss
16 http fetch GET 200 https://registry.npmjs.org/shadcn 411ms (cache miss)
17 silly packumentCache full:https://registry.npmjs.org/shadcn set size:undefined disposed:false
18 silly placeDep ROOT shadcn@3.7.0 OK for: workflow-new-product@0.1.0 want: *
19 silly fetch manifest @antfu/ni@^25.0.0
20 silly packumentCache full:https://registry.npmjs.org/@antfu%2fni cache-miss
21 silly fetch manifest @babel/plugin-transform-typescript@^7.28.0
22 silly packumentCache full:https://registry.npmjs.org/@babel%2fplugin-transform-typescript cache-miss
23 silly fetch manifest @babel/preset-typescript@^7.27.1
24 silly packumentCache full:https://registry.npmjs.org/@babel%2fpreset-typescript cache-miss
25 silly fetch manifest @dotenvx/dotenvx@^1.48.4
26 silly packumentCache full:https://registry.npmjs.org/@dotenvx%2fdotenvx cache-miss
27 silly fetch manifest @modelcontextprotocol/sdk@^1.17.2
28 silly packumentCache full:https://registry.npmjs.org/@modelcontextprotocol%2fsdk cache-miss
29 silly fetch manifest @types/validate-npm-package-name@^4.0.2
30 silly packumentCache full:https://registry.npmjs.org/@types%2fvalidate-npm-package-name cache-miss
31 silly fetch manifest commander@^14.0.0
32 silly packumentCache full:https://registry.npmjs.org/commander cache-miss
33 http fetch GET 200 https://registry.npmjs.org/@types%2fvalidate-npm-package-name 91ms (cache miss)
34 silly packumentCache full:https://registry.npmjs.org/@types%2fvalidate-npm-package-name set size:undefined disposed:false
35 silly fetch manifest cosmiconfig@^9.0.0
36 silly packumentCache full:https://registry.npmjs.org/cosmiconfig cache-miss
37 http fetch GET 200 https://registry.npmjs.org/@dotenvx%2fdotenvx 93ms (cache miss)
38 silly packumentCache full:https://registry.npmjs.org/@dotenvx%2fdotenvx set size:undefined disposed:false
39 silly fetch manifest dedent@^1.6.0
40 silly packumentCache full:https://registry.npmjs.org/dedent cache-miss
41 http fetch GET 200 https://registry.npmjs.org/dedent 36ms (cache miss)
42 silly packumentCache full:https://registry.npmjs.org/dedent set size:undefined disposed:false
43 silly fetch manifest deepmerge@^4.3.1
44 silly packumentCache full:https://registry.npmjs.org/deepmerge cache-miss
45 http fetch GET 200 https://registry.npmjs.org/cosmiconfig 42ms (cache miss)
46 silly packumentCache full:https://registry.npmjs.org/cosmiconfig set size:undefined disposed:false
47 silly fetch manifest diff@^8.0.2
48 silly packumentCache full:https://registry.npmjs.org/diff cache-miss
49 http fetch GET 200 https://registry.npmjs.org/deepmerge 35ms (cache miss)
50 silly packumentCache full:https://registry.npmjs.org/deepmerge set size:undefined disposed:false
51 silly fetch manifest execa@^9.6.0
52 silly packumentCache full:https://registry.npmjs.org/execa cache-miss
53 http fetch GET 200 https://registry.npmjs.org/execa 30ms (cache miss)
54 silly packumentCache full:https://registry.npmjs.org/execa set size:undefined disposed:false
55 silly fetch manifest fast-glob@^3.3.3
56 silly packumentCache full:https://registry.npmjs.org/fast-glob cache-miss
57 http fetch GET 200 https://registry.npmjs.org/fast-glob 38ms (cache revalidated)
58 silly packumentCache full:https://registry.npmjs.org/fast-glob set size:220556 disposed:false
59 silly fetch manifest fs-extra@^11.3.1
60 silly packumentCache full:https://registry.npmjs.org/fs-extra cache-miss
61 http fetch GET 200 https://registry.npmjs.org/fs-extra 28ms (cache miss)
62 silly packumentCache full:https://registry.npmjs.org/fs-extra set size:undefined disposed:false
63 silly fetch manifest fuzzysort@^3.1.0
64 silly packumentCache full:https://registry.npmjs.org/fuzzysort cache-miss
65 http fetch GET 200 https://registry.npmjs.org/@babel%2fplugin-transform-typescript 299ms (cache miss)
66 silly packumentCache full:https://registry.npmjs.org/@babel%2fplugin-transform-typescript set size:undefined disposed:false
67 silly fetch manifest kleur@^4.1.5
68 silly packumentCache full:https://registry.npmjs.org/kleur cache-miss
69 http fetch GET 200 https://registry.npmjs.org/fuzzysort 34ms (cache miss)
70 silly packumentCache full:https://registry.npmjs.org/fuzzysort set size:undefined disposed:false
71 silly fetch manifest msw@^2.10.4
72 silly packumentCache full:https://registry.npmjs.org/msw cache-miss
73 http fetch GET 200 https://registry.npmjs.org/kleur 26ms (cache miss)
74 silly packumentCache full:https://registry.npmjs.org/kleur set size:undefined disposed:false
75 silly fetch manifest node-fetch@^3.3.2
76 silly packumentCache full:https://registry.npmjs.org/node-fetch cache-miss
77 http fetch GET 200 https://registry.npmjs.org/msw 36ms (cache miss)
78 silly packumentCache full:https://registry.npmjs.org/msw set size:undefined disposed:false
79 silly fetch manifest open@^11.0.0
80 silly packumentCache full:https://registry.npmjs.org/open cache-miss
81 http fetch GET 200 https://registry.npmjs.org/node-fetch 29ms (cache revalidated)
82 silly packumentCache full:https://registry.npmjs.org/node-fetch set size:896010 disposed:false
83 silly fetch manifest ora@^8.2.0
84 silly packumentCache full:https://registry.npmjs.org/ora cache-miss
85 http fetch GET 200 https://registry.npmjs.org/open 33ms (cache miss)
86 silly packumentCache full:https://registry.npmjs.org/open set size:undefined disposed:false
87 silly fetch manifest postcss@^8.5.6
88 silly packumentCache full:https://registry.npmjs.org/postcss cache-miss
89 http fetch GET 200 https://registry.npmjs.org/ora 28ms (cache miss)
90 silly packumentCache full:https://registry.npmjs.org/ora set size:undefined disposed:false
91 silly fetch manifest postcss-selector-parser@^7.1.0
92 silly packumentCache full:https://registry.npmjs.org/postcss-selector-parser cache-miss
93 http fetch GET 200 https://registry.npmjs.org/postcss 27ms (cache revalidated)
94 silly packumentCache full:https://registry.npmjs.org/postcss set size:696248 disposed:false
95 silly fetch manifest prompts@^2.4.2
96 silly packumentCache full:https://registry.npmjs.org/prompts cache-miss
97 http fetch GET 200 https://registry.npmjs.org/postcss-selector-parser 31ms (cache revalidated)
98 silly packumentCache full:https://registry.npmjs.org/postcss-selector-parser set size:177140 disposed:false
99 silly fetch manifest recast@^0.23.11
100 silly packumentCache full:https://registry.npmjs.org/recast cache-miss
101 http fetch GET 200 https://registry.npmjs.org/diff 308ms (cache miss)
102 silly packumentCache full:https://registry.npmjs.org/diff set size:undefined disposed:false
103 silly fetch manifest stringify-object@^5.0.0
104 silly packumentCache full:https://registry.npmjs.org/stringify-object cache-miss
105 http fetch GET 200 https://registry.npmjs.org/prompts 41ms (cache miss)
106 silly packumentCache full:https://registry.npmjs.org/prompts set size:undefined disposed:false
107 silly fetch manifest ts-morph@^26.0.0
108 silly packumentCache full:https://registry.npmjs.org/ts-morph cache-miss
109 http fetch GET 200 https://registry.npmjs.org/stringify-object 32ms (cache miss)
110 silly packumentCache full:https://registry.npmjs.org/stringify-object set size:undefined disposed:false
111 silly fetch manifest tsconfig-paths@^4.2.0
112 silly packumentCache full:https://registry.npmjs.org/tsconfig-paths cache-miss
113 http fetch GET 200 https://registry.npmjs.org/ts-morph 33ms (cache miss)
114 silly packumentCache full:https://registry.npmjs.org/ts-morph set size:undefined disposed:false
115 silly fetch manifest validate-npm-package-name@^7.0.1
116 silly packumentCache full:https://registry.npmjs.org/validate-npm-package-name cache-miss
117 http fetch GET 200 https://registry.npmjs.org/tsconfig-paths 23ms (cache revalidated)
118 silly packumentCache full:https://registry.npmjs.org/tsconfig-paths set size:192565 disposed:false
119 silly fetch manifest zod-to-json-schema@^3.24.6
120 silly packumentCache full:https://registry.npmjs.org/zod-to-json-schema cache-miss
121 http fetch GET 200 https://registry.npmjs.org/validate-npm-package-name 28ms (cache miss)
122 silly packumentCache full:https://registry.npmjs.org/validate-npm-package-name set size:undefined disposed:false
123 http fetch GET 200 https://registry.npmjs.org/@babel%2fpreset-typescript 614ms (cache miss)
124 silly packumentCache full:https://registry.npmjs.org/@babel%2fpreset-typescript set size:undefined disposed:false
125 http fetch GET 200 https://registry.npmjs.org/@modelcontextprotocol%2fsdk 677ms (cache miss)
126 silly packumentCache full:https://registry.npmjs.org/@modelcontextprotocol%2fsdk set size:undefined disposed:false
127 http fetch GET 200 https://registry.npmjs.org/recast 349ms (cache miss)
128 silly packumentCache full:https://registry.npmjs.org/recast set size:undefined disposed:false
129 http fetch GET 200 https://registry.npmjs.org/zod-to-json-schema 290ms (cache miss)
130 silly packumentCache full:https://registry.npmjs.org/zod-to-json-schema set size:undefined disposed:false
131 http fetch GET 200 https://registry.npmjs.org/commander 929ms (cache revalidated)
132 silly packumentCache full:https://registry.npmjs.org/commander set size:345426 disposed:false
133 http fetch GET 200 https://registry.npmjs.org/@antfu%2fni 1136ms (cache miss)
134 silly packumentCache full:https://registry.npmjs.org/@antfu%2fni set size:undefined disposed:false
135 silly fetch manifest picomatch@^3 || ^4
136 silly packumentCache full:https://registry.npmjs.org/picomatch cache-miss
137 http fetch GET 200 https://registry.npmjs.org/picomatch 288ms (cache revalidated)
138 silly packumentCache full:https://registry.npmjs.org/picomatch set size:118818 disposed:false
139 silly placeDep ROOT picomatch@4.0.3 REPLACE for: fdir@6.5.0 want: ^3 || ^4
140 silly fetch manifest picomatch@^2.0.4
141 silly packumentCache full:https://registry.npmjs.org/picomatch cache-hit
142 silly placeDep node_modules/anymatch picomatch@2.3.1 OK for: anymatch@3.1.3 want: ^2.0.4
143 silly fetch manifest react@^16.5.1 || ^17.0.0 || ^18.0.0
144 silly packumentCache full:https://registry.npmjs.org/react cache-miss
145 http fetch GET 200 https://registry.npmjs.org/react 33ms (cache revalidated)
146 silly packumentCache full:https://registry.npmjs.org/react set size:6427064 disposed:false
147 verbose stack Error: could not resolve
147 verbose stack     at PlaceDep.failPeerConflict (/usr/local/lib/node_modules/npm/node_modules/@npmcli/arborist/lib/place-dep.js:503:25)
147 verbose stack     at new PlaceDep (/usr/local/lib/node_modules/npm/node_modules/@npmcli/arborist/lib/place-dep.js:157:21)
147 verbose stack     at #buildDepStep (/usr/local/lib/node_modules/npm/node_modules/@npmcli/arborist/lib/arborist/build-ideal-tree.js:920:18)
147 verbose stack     at async Arborist.buildIdealTree (/usr/local/lib/node_modules/npm/node_modules/@npmcli/arborist/lib/arborist/build-ideal-tree.js:181:7)
147 verbose stack     at async Promise.all (index 1)
147 verbose stack     at async Arborist.reify (/usr/local/lib/node_modules/npm/node_modules/@npmcli/arborist/lib/arborist/reify.js:131:5)
147 verbose stack     at async Install.exec (/usr/local/lib/node_modules/npm/lib/commands/install.js:150:5)
147 verbose stack     at async Npm.exec (/usr/local/lib/node_modules/npm/lib/npm.js:207:9)
147 verbose stack     at async module.exports (/usr/local/lib/node_modules/npm/lib/cli/entry.js:74:5)
148 error code ERESOLVE
149 error ERESOLVE could not resolve
150 error
151 error While resolving: lucide-react@0.309.0
151 error Found: react@19.2.3[2m[22m
151 error [2mnode_modules/react[22m
151 error   [95mpeer[39m react@"^16.8 || ^17.0 || ^18.0 || ^19.0 || ^19.0.0-rc" from @radix-ui/react-compose-refs@1.1.2[2m[22m
151 error   [2mnode_modules/@radix-ui/react-compose-refs[22m
151 error     @radix-ui/react-compose-refs@"1.1.2" from @radix-ui/react-slot@1.2.4[2m[22m
151 error     [2mnode_modules/@radix-ui/react-slot[22m
151 error       @radix-ui/react-slot@"^1.0.2" from the root project
151 error   [95mpeer[39m react@"^16.8 || ^17.0 || ^18.0 || ^19.0 || ^19.0.0-rc" from @radix-ui/react-slot@1.2.4[2m[22m
151 error   [2mnode_modules/@radix-ui/react-slot[22m
151 error     @radix-ui/react-slot@"^1.0.2" from the root project
151 error   5 more (next, next-auth, react-dom, styled-jsx, the root project)
151 error
151 error Could not resolve dependency:
151 error [95mpeer[39m react@"^16.5.1 || ^17.0.0 || ^18.0.0" from lucide-react@0.309.0[2m[22m
151 error [2mnode_modules/lucide-react[22m
151 error   lucide-react@"^0.309.0" from the root project
151 error
151 error Conflicting peer dependency: react@18.3.1[2m[22m
151 error [2mnode_modules/react[22m
151 error   [95mpeer[39m react@"^16.5.1 || ^17.0.0 || ^18.0.0" from lucide-react@0.309.0[2m[22m
151 error   [2mnode_modules/lucide-react[22m
151 error     lucide-react@"^0.309.0" from the root project
151 error
151 error Fix the upstream dependency conflict, or retry
151 error this command with --force or --legacy-peer-deps
151 error to accept an incorrect (and potentially broken) dependency resolution.
152 error
152 error
152 error For a full report see:
152 error /Users/t.punhongwiset/Documents/Autobot/WorkFlow_New_Product/npm-cache/_logs/2026-01-27T16_17_14_619Z-eresolve-report.txt
153 silly unfinished npm timer reify 1769530635060
154 silly unfinished npm timer reify:loadTrees 1769530635062
155 silly unfinished npm timer idealTree:buildDeps 1769530635136
156 silly unfinished npm timer idealTree:node_modules/lucide-react 1769530636988
157 verbose cwd /Users/t.punhongwiset/Documents/Autobot/WorkFlow_New_Product
158 verbose os Darwin 23.5.0
159 verbose node v22.14.0
160 verbose npm  v10.9.2
161 verbose exit 1
162 verbose code 1
163 error A complete log of this run can be found in: /Users/t.punhongwiset/Documents/Autobot/WorkFlow_New_Product/npm-cache/_logs/2026-01-27T16_17_14_619Z-debug-0.log
