0 verbose cli /usr/local/bin/node /usr/local/bin/npm
1 info using npm@10.9.2
2 info using node@v22.14.0
3 silly config load:file:/usr/local/lib/node_modules/npm/npmrc
4 silly config load:file:/Users/t.punhongwiset/Documents/Autobot/WorkFlow_New_Product/.npmrc
5 silly config load:file:/Users/t.punhongwiset/.npmrc
6 silly config load:file:/usr/local/etc/npmrc
7 verbose title npm install react-hook-form @hookform/resolvers
8 verbose argv "install" "react-hook-form" "@hookform/resolvers"
9 verbose logfile logs-max:10 dir:/Users/t.punhongwiset/Documents/Autobot/WorkFlow_New_Product/npm-cache/_logs/2026-01-27T16_20_09_026Z-
10 verbose logfile /Users/t.punhongwiset/Documents/Autobot/WorkFlow_New_Product/npm-cache/_logs/2026-01-27T16_20_09_026Z-debug-0.log
11 silly logfile done cleaning log files
12 silly packumentCache heap:2197815296 maxSize:549453824 maxEntrySize:274726912
13 silly idealTree buildDeps
14 silly fetch manifest react-hook-form@*
15 silly packumentCache full:https://registry.npmjs.org/react-hook-form cache-miss
16 http fetch GET 200 https://registry.npmjs.org/react-hook-form 622ms (cache miss)
17 silly packumentCache full:https://registry.npmjs.org/react-hook-form set size:undefined disposed:false
18 silly fetch manifest @hookform/resolvers@*
19 silly packumentCache full:https://registry.npmjs.org/@hookform%2fresolvers cache-miss
20 http fetch GET 200 https://registry.npmjs.org/@hookform%2fresolvers 790ms (cache miss)
21 silly packumentCache full:https://registry.npmjs.org/@hookform%2fresolvers set size:undefined disposed:false
22 silly placeDep ROOT @hookform/resolvers@5.2.2 OK for: workflow-new-product@0.1.0 want: *
23 silly placeDep ROOT react-hook-form@7.71.1 OK for: workflow-new-product@0.1.0 want: *
24 silly fetch manifest @standard-schema/utils@^0.3.0
25 silly packumentCache full:https://registry.npmjs.org/@standard-schema%2futils cache-miss
26 http fetch GET 200 https://registry.npmjs.org/@standard-schema%2futils 787ms (cache miss)
27 silly packumentCache full:https://registry.npmjs.org/@standard-schema%2futils set size:undefined disposed:false
28 silly placeDep ROOT @standard-schema/utils@0.3.0 OK for: @hookform/resolvers@5.2.2 want: ^0.3.0
29 silly reify moves {}
30 silly audit bulk request {
30 silly audit   '@alloc/quick-lru': [ '5.2.0' ],
30 silly audit   '@antfu/ni': [ '25.0.0' ],
30 silly audit   '@babel/code-frame': [ '7.28.6' ],
30 silly audit   '@babel/compat-data': [ '7.28.6' ],
30 silly audit   '@babel/core': [ '7.28.6' ],
30 silly audit   semver: [ '6.3.1', '7.7.3' ],
30 silly audit   '@babel/generator': [ '7.28.6' ],
30 silly audit   '@babel/helper-annotate-as-pure': [ '7.27.3' ],
30 silly audit   '@babel/helper-compilation-targets': [ '7.28.6' ],
30 silly audit   'lru-cache': [ '5.1.1', '6.0.0' ],
30 silly audit   yallist: [ '3.1.1', '4.0.0' ],
30 silly audit   '@babel/helper-create-class-features-plugin': [ '7.28.6' ],
30 silly audit   '@babel/helper-globals': [ '7.28.0' ],
30 silly audit   '@babel/helper-member-expression-to-functions': [ '7.28.5' ],
30 silly audit   '@babel/helper-module-imports': [ '7.28.6' ],
30 silly audit   '@babel/helper-module-transforms': [ '7.28.6' ],
30 silly audit   '@babel/helper-optimise-call-expression': [ '7.27.1' ],
30 silly audit   '@babel/helper-plugin-utils': [ '7.28.6' ],
30 silly audit   '@babel/helper-replace-supers': [ '7.28.6' ],
30 silly audit   '@babel/helper-skip-transparent-expression-wrappers': [ '7.27.1' ],
30 silly audit   '@babel/helper-string-parser': [ '7.27.1' ],
30 silly audit   '@babel/helper-validator-identifier': [ '7.28.5' ],
30 silly audit   '@babel/helper-validator-option': [ '7.27.1' ],
30 silly audit   '@babel/helpers': [ '7.28.6' ],
30 silly audit   '@babel/parser': [ '7.28.6' ],
30 silly audit   '@babel/plugin-syntax-jsx': [ '7.28.6' ],
30 silly audit   '@babel/plugin-syntax-typescript': [ '7.28.6' ],
30 silly audit   '@babel/plugin-transform-modules-commonjs': [ '7.28.6' ],
30 silly audit   '@babel/plugin-transform-typescript': [ '7.28.6' ],
30 silly audit   '@babel/preset-typescript': [ '7.28.5' ],
30 silly audit   '@babel/runtime': [ '7.28.6' ],
30 silly audit   '@babel/template': [ '7.28.6' ],
30 silly audit   '@babel/traverse': [ '7.28.6' ],
30 silly audit   '@babel/types': [ '7.28.6' ],
30 silly audit   '@dotenvx/dotenvx': [ '1.52.0' ],
30 silly audit   commander: [ '11.1.0', '4.1.1', '14.0.2' ],
30 silly audit   execa: [ '5.1.1', '9.6.1' ],
30 silly audit   'get-stream': [ '6.0.1', '9.0.1' ],
30 silly audit   'human-signals': [ '2.1.0', '8.0.1' ],
30 silly audit   isexe: [ '3.1.1', '2.0.0' ],
30 silly audit   'npm-run-path': [ '4.0.1', '6.0.0' ],
30 silly audit   onetime: [ '5.1.2', '7.0.0' ],
30 silly audit   picomatch: [ '4.0.3', '2.3.1' ],
30 silly audit   'signal-exit': [ '3.0.7', '4.1.0' ],
30 silly audit   'strip-final-newline': [ '2.0.0', '4.0.0' ],
30 silly audit   which: [ '4.0.0', '2.0.2' ],
30 silly audit   '@ecies/ciphers': [ '0.2.5' ],
30 silly audit   '@emnapi/core': [ '1.8.1' ],
30 silly audit   '@emnapi/runtime': [ '1.8.1' ],
30 silly audit   '@emnapi/wasi-threads': [ '1.1.0' ],
30 silly audit   '@eslint-community/eslint-utils': [ '4.9.1' ],
30 silly audit   'eslint-visitor-keys': [ '3.4.3', '4.2.1' ],
30 silly audit   '@eslint-community/regexpp': [ '4.12.2' ],
30 silly audit   '@eslint/config-array': [ '0.21.1' ],
30 silly audit   '@eslint/config-helpers': [ '0.4.2' ],
30 silly audit   '@eslint/core': [ '0.17.0' ],
30 silly audit   '@eslint/eslintrc': [ '3.3.3' ],
30 silly audit   '@eslint/js': [ '9.39.2' ],
30 silly audit   '@eslint/object-schema': [ '2.1.7' ],
30 silly audit   '@eslint/plugin-kit': [ '0.4.1' ],
30 silly audit   '@floating-ui/core': [ '1.7.3' ],
30 silly audit   '@floating-ui/dom': [ '1.7.4' ],
30 silly audit   '@floating-ui/react-dom': [ '2.1.6' ],
30 silly audit   '@floating-ui/utils': [ '0.2.10' ],
30 silly audit   '@hono/node-server': [ '1.19.9' ],
30 silly audit   '@humanfs/core': [ '0.19.1' ],
30 silly audit   '@humanfs/node': [ '0.16.7' ],
30 silly audit   '@humanwhocodes/module-importer': [ '1.0.1' ],
30 silly audit   '@humanwhocodes/retry': [ '0.4.3' ],
30 silly audit   '@img/colour': [ '1.0.0' ],
30 silly audit   '@img/sharp-darwin-arm64': [ '0.34.5' ],
30 silly audit   '@img/sharp-darwin-x64': [ '0.34.5' ],
30 silly audit   '@img/sharp-libvips-darwin-arm64': [ '1.2.4' ],
30 silly audit   '@img/sharp-libvips-darwin-x64': [ '1.2.4' ],
30 silly audit   '@img/sharp-libvips-linux-arm': [ '1.2.4' ],
30 silly audit   '@img/sharp-libvips-linux-arm64': [ '1.2.4' ],
30 silly audit   '@img/sharp-libvips-linux-ppc64': [ '1.2.4' ],
30 silly audit   '@img/sharp-libvips-linux-riscv64': [ '1.2.4' ],
30 silly audit   '@img/sharp-libvips-linux-s390x': [ '1.2.4' ],
30 silly audit   '@img/sharp-libvips-linux-x64': [ '1.2.4' ],
30 silly audit   '@img/sharp-libvips-linuxmusl-arm64': [ '1.2.4' ],
30 silly audit   '@img/sharp-libvips-linuxmusl-x64': [ '1.2.4' ],
30 silly audit   '@img/sharp-linux-arm': [ '0.34.5' ],
30 silly audit   '@img/sharp-linux-arm64': [ '0.34.5' ],
30 silly audit   '@img/sharp-linux-ppc64': [ '0.34.5' ],
30 silly audit   '@img/sharp-linux-riscv64': [ '0.34.5' ],
30 silly audit   '@img/sharp-linux-s390x': [ '0.34.5' ],
30 silly audit   '@img/sharp-linux-x64': [ '0.34.5' ],
30 silly audit   '@img/sharp-linuxmusl-arm64': [ '0.34.5' ],
30 silly audit   '@img/sharp-linuxmusl-x64': [ '0.34.5' ],
30 silly audit   '@img/sharp-wasm32': [ '0.34.5' ],
30 silly audit   '@img/sharp-win32-arm64': [ '0.34.5' ],
30 silly audit   '@img/sharp-win32-ia32': [ '0.34.5' ],
30 silly audit   '@img/sharp-win32-x64': [ '0.34.5' ],
30 silly audit   '@inquirer/ansi': [ '1.0.2' ],
30 silly audit   '@inquirer/confirm': [ '5.1.21' ],
30 silly audit   '@inquirer/core': [ '10.3.2' ],
30 silly audit   '@inquirer/figures': [ '1.0.15' ],
30 silly audit   '@inquirer/type': [ '3.0.10' ],
30 silly audit   '@isaacs/balanced-match': [ '4.0.1' ],
30 silly audit   '@isaacs/brace-expansion': [ '5.0.0' ],
30 silly audit   '@jridgewell/gen-mapping': [ '0.3.13' ],
30 silly audit   '@jridgewell/remapping': [ '2.3.5' ],
30 silly audit   '@jridgewell/resolve-uri': [ '3.1.2' ],
30 silly audit   '@jridgewell/sourcemap-codec': [ '1.5.5' ],
30 silly audit   '@jridgewell/trace-mapping': [ '0.3.31' ],
30 silly audit   '@modelcontextprotocol/sdk': [ '1.25.3' ],
30 silly audit   ajv: [ '8.17.1', '6.12.6' ],
30 silly audit   jose: [ '6.1.3', '4.15.9' ],
30 silly audit   'json-schema-traverse': [ '1.0.0', '0.4.1' ],
30 silly audit   '@mswjs/interceptors': [ '0.40.0' ],
30 silly audit   '@napi-rs/wasm-runtime': [ '0.2.12' ],
30 silly audit   '@next/env': [ '16.1.5' ],
30 silly audit   '@next/eslint-plugin-next': [ '16.1.5' ],
30 silly audit   '@next/swc-darwin-arm64': [ '16.1.5' ],
30 silly audit   '@next/swc-darwin-x64': [ '16.1.5' ],
30 silly audit   '@next/swc-linux-arm64-gnu': [ '16.1.5' ],
30 silly audit   '@next/swc-linux-arm64-musl': [ '16.1.5' ],
30 silly audit   '@next/swc-linux-x64-gnu': [ '16.1.5' ],
30 silly audit   '@next/swc-linux-x64-musl': [ '16.1.5' ],
30 silly audit   '@next/swc-win32-arm64-msvc': [ '16.1.5' ],
30 silly audit   '@next/swc-win32-x64-msvc': [ '16.1.5' ],
30 silly audit   '@noble/ciphers': [ '1.3.0' ],
30 silly audit   '@noble/curves': [ '1.9.7' ],
30 silly audit   '@noble/hashes': [ '1.8.0' ],
30 silly audit   '@nodelib/fs.scandir': [ '2.1.5' ],
30 silly audit   '@nodelib/fs.stat': [ '2.0.5' ],
30 silly audit   '@nodelib/fs.walk': [ '1.2.8' ],
30 silly audit   '@nolyfill/is-core-module': [ '1.0.39' ],
30 silly audit   '@open-draft/deferred-promise': [ '2.2.0' ],
30 silly audit   '@open-draft/logger': [ '0.3.0' ],
30 silly audit   '@open-draft/until': [ '2.1.0' ],
30 silly audit   '@panva/hkdf': [ '1.2.1' ],
30 silly audit   '@radix-ui/number': [ '1.1.1' ],
30 silly audit   '@radix-ui/primitive': [ '1.1.3' ],
30 silly audit   '@radix-ui/react-arrow': [ '1.1.7' ],
30 silly audit   '@radix-ui/react-primitive': [ '2.1.3', '2.1.4' ],
30 silly audit   '@radix-ui/react-slot': [ '1.2.3', '1.2.4' ],
30 silly audit   '@radix-ui/react-avatar': [ '1.1.11' ],
30 silly audit   '@radix-ui/react-checkbox': [ '1.3.3' ],
30 silly audit   '@radix-ui/react-context': [ '1.1.2', '1.1.3' ],
30 silly audit   '@radix-ui/react-collection': [ '1.1.7' ],
30 silly audit   '@radix-ui/react-compose-refs': [ '1.1.2' ],
30 silly audit   '@radix-ui/react-dialog': [ '1.1.15' ],
30 silly audit   '@radix-ui/react-direction': [ '1.1.1' ],
30 silly audit   '@radix-ui/react-dismissable-layer': [ '1.1.11' ],
30 silly audit   '@radix-ui/react-dropdown-menu': [ '2.1.16' ],
30 silly audit   '@radix-ui/react-focus-guards': [ '1.1.3' ],
30 silly audit   '@radix-ui/react-focus-scope': [ '1.1.7' ],
30 silly audit   '@radix-ui/react-id': [ '1.1.1' ],
30 silly audit   '@radix-ui/react-label': [ '2.1.8' ],
30 silly audit   '@radix-ui/react-menu': [ '2.1.16' ],
30 silly audit   '@radix-ui/react-popover': [ '1.1.15' ],
30 silly audit   '@radix-ui/react-popper': [ '1.2.8' ],
30 silly audit   '@radix-ui/react-portal': [ '1.1.9' ],
30 silly audit   '@radix-ui/react-presence': [ '1.1.5' ],
30 silly audit   '@radix-ui/react-roving-focus': [ '1.1.11' ],
30 silly audit   '@radix-ui/react-scroll-area': [ '1.2.10' ],
30 silly audit   '@radix-ui/react-select': [ '2.2.6' ],
30 silly audit   '@radix-ui/react-separator': [ '1.1.8' ],
30 silly audit   '@radix-ui/react-tabs': [ '1.1.13' ],
30 silly audit   '@radix-ui/react-use-callback-ref': [ '1.1.1' ],
30 silly audit   '@radix-ui/react-use-controllable-state': [ '1.2.2' ],
30 silly audit   '@radix-ui/react-use-effect-event': [ '0.0.2' ],
30 silly audit   '@radix-ui/react-use-escape-keydown': [ '1.1.1' ],
30 silly audit   '@radix-ui/react-use-is-hydrated': [ '0.1.0' ],
30 silly audit   '@radix-ui/react-use-layout-effect': [ '1.1.1' ],
30 silly audit   '@radix-ui/react-use-previous': [ '1.1.1' ],
30 silly audit   '@radix-ui/react-use-rect': [ '1.1.1' ],
30 silly audit   '@radix-ui/react-use-size': [ '1.1.1' ],
30 silly audit   '@radix-ui/react-visually-hidden': [ '1.2.3' ],
30 silly audit   '@radix-ui/rect': [ '1.1.1' ],
30 silly audit   '@rtsao/scc': [ '1.1.0' ],
30 silly audit   '@sec-ant/readable-stream': [ '0.4.1' ],
30 silly audit   '@sindresorhus/merge-streams': [ '4.0.0' ],
30 silly audit   '@swc/helpers': [ '0.5.15' ],
30 silly audit   '@ts-morph/common': [ '0.27.0' ],
30 silly audit   'fast-glob': [ '3.3.3', '3.3.1' ],
30 silly audit   'glob-parent': [ '5.1.2', '6.0.2' ],
30 silly audit   minimatch: [ '10.1.1', '9.0.5', '3.1.2' ],
30 silly audit   '@tybys/wasm-util': [ '0.10.1' ],
30 silly audit   '@types/estree': [ '1.0.8' ],
30 silly audit   '@types/json-schema': [ '7.0.15' ],
30 silly audit   '@types/json5': [ '0.0.29' ],
30 silly audit   '@types/node': [ '20.19.30' ],
30 silly audit   '@types/react': [ '19.2.10' ],
30 silly audit   '@types/react-dom': [ '19.2.3' ],
30 silly audit   '@types/statuses': [ '2.0.6' ],
30 silly audit   '@types/uuid': [ '10.0.0' ],
30 silly audit   '@types/validate-npm-package-name': [ '4.0.2' ],
30 silly audit   '@typescript-eslint/eslint-plugin': [ '8.54.0' ],
30 silly audit   ignore: [ '7.0.5', '5.3.2' ],
30 silly audit   '@typescript-eslint/parser': [ '8.54.0' ],
30 silly audit   '@typescript-eslint/project-service': [ '8.54.0' ],
30 silly audit   '@typescript-eslint/scope-manager': [ '8.54.0' ],
30 silly audit   '@typescript-eslint/tsconfig-utils': [ '8.54.0' ],
30 silly audit   '@typescript-eslint/type-utils': [ '8.54.0' ],
30 silly audit   '@typescript-eslint/types': [ '8.54.0' ],
30 silly audit   '@typescript-eslint/typescript-estree': [ '8.54.0' ],
30 silly audit   'brace-expansion': [ '2.0.2', '1.1.12' ],
30 silly audit   '@typescript-eslint/utils': [ '8.54.0' ],
30 silly audit   '@typescript-eslint/visitor-keys': [ '8.54.0' ],
30 silly audit   '@unrs/resolver-binding-android-arm-eabi': [ '1.11.1' ],
30 silly audit   '@unrs/resolver-binding-android-arm64': [ '1.11.1' ],
30 silly audit   '@unrs/resolver-binding-darwin-arm64': [ '1.11.1' ],
30 silly audit   '@unrs/resolver-binding-darwin-x64': [ '1.11.1' ],
30 silly audit   '@unrs/resolver-binding-freebsd-x64': [ '1.11.1' ],
30 silly audit   '@unrs/resolver-binding-linux-arm-gnueabihf': [ '1.11.1' ],
30 silly audit   '@unrs/resolver-binding-linux-arm-musleabihf': [ '1.11.1' ],
30 silly audit   '@unrs/resolver-binding-linux-arm64-gnu': [ '1.11.1' ],
30 silly audit   '@unrs/resolver-binding-linux-arm64-musl': [ '1.11.1' ],
30 silly audit   '@unrs/resolver-binding-linux-ppc64-gnu': [ '1.11.1' ],
30 silly audit   '@unrs/resolver-binding-linux-riscv64-gnu': [ '1.11.1' ],
30 silly audit   '@unrs/resolver-binding-linux-riscv64-musl': [ '1.11.1' ],
30 silly audit   '@unrs/resolver-binding-linux-s390x-gnu': [ '1.11.1' ],
30 silly audit   '@unrs/resolver-binding-linux-x64-gnu': [ '1.11.1' ],
30 silly audit   '@unrs/resolver-binding-linux-x64-musl': [ '1.11.1' ],
30 silly audit   '@unrs/resolver-binding-wasm32-wasi': [ '1.11.1' ],
30 silly audit   '@unrs/resolver-binding-win32-arm64-msvc': [ '1.11.1' ],
30 silly audit   '@unrs/resolver-binding-win32-ia32-msvc': [ '1.11.1' ],
30 silly audit   '@unrs/resolver-binding-win32-x64-msvc': [ '1.11.1' ],
30 silly audit   accepts: [ '2.0.0' ],
30 silly audit   acorn: [ '8.15.0' ],
30 silly audit   'acorn-jsx': [ '5.3.2' ],
30 silly audit   'agent-base': [ '7.1.4' ],
30 silly audit   'ajv-formats': [ '3.0.1' ],
30 silly audit   'ansi-regex': [ '6.2.2', '5.0.1' ],
30 silly audit   'ansi-styles': [ '4.3.0' ],
30 silly audit   ansis: [ '4.2.0' ],
30 silly audit   'any-promise': [ '1.3.0' ],
30 silly audit   anymatch: [ '3.1.3' ],
30 silly audit   arg: [ '5.0.2' ],
30 silly audit   argparse: [ '2.0.1' ],
30 silly audit   'aria-hidden': [ '1.2.6' ],
30 silly audit   'aria-query': [ '5.3.2' ],
30 silly audit   'array-buffer-byte-length': [ '1.0.2' ],
30 silly audit   'array-includes': [ '3.1.9' ],
30 silly audit   'array.prototype.findlast': [ '1.2.5' ],
30 silly audit   'array.prototype.findlastindex': [ '1.2.6' ],
30 silly audit   'array.prototype.flat': [ '1.3.3' ],
30 silly audit   'array.prototype.flatmap': [ '1.3.3' ],
30 silly audit   'array.prototype.tosorted': [ '1.1.4' ],
30 silly audit   'arraybuffer.prototype.slice': [ '1.0.4' ],
30 silly audit   'ast-types': [ '0.16.1' ],
30 silly audit   'ast-types-flow': [ '0.0.8' ],
30 silly audit   'async-function': [ '1.0.0' ],
30 silly audit   autoprefixer: [ '10.4.23' ],
30 silly audit   'available-typed-arrays': [ '1.0.7' ],
30 silly audit   'axe-core': [ '4.11.1' ],
30 silly audit   'axobject-query': [ '4.1.0' ],
30 silly audit   'balanced-match': [ '1.0.2' ],
30 silly audit   'base64-js': [ '1.5.1' ],
30 silly audit   'baseline-browser-mapping': [ '2.9.18' ],
30 silly audit   'bignumber.js': [ '9.3.1' ],
30 silly audit   'binary-extensions': [ '2.3.0' ],
30 silly audit   'body-parser': [ '2.2.2' ],
30 silly audit   braces: [ '3.0.3' ],
30 silly audit   browserslist: [ '4.28.1' ],
30 silly audit   'buffer-equal-constant-time': [ '1.0.1' ],
30 silly audit   'bundle-name': [ '4.1.0' ],
30 silly audit   bytes: [ '3.1.2' ],
30 silly audit   'call-bind': [ '1.0.8' ],
30 silly audit   'call-bind-apply-helpers': [ '1.0.2' ],
30 silly audit   'call-bound': [ '1.0.4' ],
30 silly audit   callsites: [ '3.1.0' ],
30 silly audit   'camelcase-css': [ '2.0.1' ],
30 silly audit   'caniuse-lite': [ '1.0.30001766' ],
30 silly audit   chalk: [ '4.1.2', '5.6.2' ],
30 silly audit   chokidar: [ '3.6.0' ],
30 silly audit   'class-variance-authority': [ '0.7.1' ],
30 silly audit   'cli-cursor': [ '5.0.0' ],
30 silly audit   'cli-spinners': [ '2.9.2' ],
30 silly audit   'cli-width': [ '4.1.0' ],
30 silly audit   'client-only': [ '0.0.1' ],
30 silly audit   cliui: [ '8.0.1' ],
30 silly audit   'emoji-regex': [ '8.0.0', '9.2.2', '10.6.0' ],
30 silly audit   'string-width': [ '4.2.3', '7.2.0' ],
30 silly audit   'strip-ansi': [ '6.0.1', '7.1.2' ],
30 silly audit   'wrap-ansi': [ '7.0.0', '6.2.0' ],
30 silly audit   clsx: [ '2.1.1' ],
30 silly audit   'code-block-writer': [ '13.0.3' ],
30 silly audit   'color-convert': [ '2.0.1' ],
30 silly audit   'color-name': [ '1.1.4' ],
30 silly audit   'concat-map': [ '0.0.1' ],
30 silly audit   'content-disposition': [ '1.0.1' ],
30 silly audit   'content-type': [ '1.0.5' ],
30 silly audit   'convert-source-map': [ '2.0.0' ],
30 silly audit   cookie: [ '0.7.2', '1.1.1' ],
30 silly audit   'cookie-signature': [ '1.2.2' ],
30 silly audit   cors: [ '2.8.6' ],
30 silly audit   cosmiconfig: [ '9.0.0' ],
30 silly audit   'cross-spawn': [ '7.0.6' ],
30 silly audit   cssesc: [ '3.0.0' ],
30 silly audit   csstype: [ '3.2.3' ],
30 silly audit   'damerau-levenshtein': [ '1.0.8' ],
30 silly audit   'data-uri-to-buffer': [ '4.0.1' ],
30 silly audit   'data-view-buffer': [ '1.0.2' ],
30 silly audit   'data-view-byte-length': [ '1.0.2' ],
30 silly audit   'data-view-byte-offset': [ '1.0.1' ],
30 silly audit   'date-fns': [ '3.6.0' ],
30 silly audit   debug: [ '4.4.3', '3.2.7' ],
30 silly audit   dedent: [ '1.7.1' ],
30 silly audit   'deep-is': [ '0.1.4' ],
30 silly audit   deepmerge: [ '4.3.1' ],
30 silly audit   'default-browser': [ '5.4.0' ],
30 silly audit   'default-browser-id': [ '5.0.1' ],
30 silly audit   'define-data-property': [ '1.1.4' ],
30 silly audit   'define-lazy-prop': [ '3.0.0' ],
30 silly audit   'define-properties': [ '1.2.1' ],
30 silly audit   depd: [ '2.0.0' ],
30 silly audit   'detect-libc': [ '2.1.2' ],
30 silly audit   'detect-node-es': [ '1.1.0' ],
30 silly audit   didyoumean: [ '1.2.2' ],
30 silly audit   diff: [ '8.0.3' ],
30 silly audit   dlv: [ '1.1.3' ],
30 silly audit   doctrine: [ '2.1.0' ],
30 silly audit   dotenv: [ '17.2.3' ],
30 silly audit   'dunder-proto': [ '1.0.1' ],
30 silly audit   'ecdsa-sig-formatter': [ '1.0.11' ],
30 silly audit   eciesjs: [ '0.4.17' ],
30 silly audit   'ee-first': [ '1.1.1' ],
30 silly audit   'electron-to-chromium': [ '1.5.279' ],
30 silly audit   encodeurl: [ '2.0.0' ],
30 silly audit   'env-paths': [ '2.2.1' ],
30 silly audit   'error-ex': [ '1.3.4' ],
30 silly audit   'es-abstract': [ '1.24.1' ],
30 silly audit   'es-define-property': [ '1.0.1' ],
30 silly audit   'es-errors': [ '1.3.0' ],
30 silly audit   'es-iterator-helpers': [ '1.2.2' ],
30 silly audit   'es-object-atoms': [ '1.1.1' ],
30 silly audit   'es-set-tostringtag': [ '2.1.0' ],
30 silly audit   'es-shim-unscopables': [ '1.1.0' ],
30 silly audit   'es-to-primitive': [ '1.3.0' ],
30 silly audit   escalade: [ '3.2.0' ],
30 silly audit   'escape-html': [ '1.0.3' ],
30 silly audit   'escape-string-regexp': [ '4.0.0' ],
30 silly audit   eslint: [ '9.39.2' ],
30 silly audit   'eslint-config-next': [ '16.1.5' ],
30 silly audit   globals: [ '16.4.0', '14.0.0' ],
30 silly audit   'eslint-import-resolver-node': [ '0.3.9' ],
30 silly audit   'eslint-import-resolver-typescript': [ '3.10.1' ],
30 silly audit   'eslint-module-utils': [ '2.12.1' ],
30 silly audit   'eslint-plugin-import': [ '2.32.0' ],
30 silly audit   'eslint-plugin-jsx-a11y': [ '6.10.2' ],
30 silly audit   'eslint-plugin-react': [ '7.37.5' ],
30 silly audit   'eslint-plugin-react-hooks': [ '7.0.1' ],
30 silly audit   resolve: [ '2.0.0-next.5', '1.22.11' ],
30 silly audit   'eslint-scope': [ '8.4.0' ],
30 silly audit   espree: [ '10.4.0' ],
30 silly audit   esprima: [ '4.0.1' ],
30 silly audit   esquery: [ '1.7.0' ],
30 silly audit   esrecurse: [ '4.3.0' ],
30 silly audit   estraverse: [ '5.3.0' ],
30 silly audit   esutils: [ '2.0.3' ],
30 silly audit   etag: [ '1.8.1' ],
30 silly audit   eventsource: [ '3.0.7' ],
30 silly audit   'eventsource-parser': [ '3.0.6' ],
30 silly audit   'is-stream': [ '4.0.1', '2.0.1' ],
30 silly audit   express: [ '5.2.1' ],
30 silly audit   'express-rate-limit': [ '7.5.1' ],
30 silly audit   extend: [ '3.0.2' ],
30 silly audit   'fast-deep-equal': [ '3.1.3' ],
30 silly audit   'fast-json-stable-stringify': [ '2.1.0' ],
30 silly audit   'fast-levenshtein': [ '2.0.6' ],
30 silly audit   'fast-uri': [ '3.1.0' ],
30 silly audit   fastq: [ '1.20.1' ],
30 silly audit   fdir: [ '6.5.0' ],
30 silly audit   'fetch-blob': [ '3.2.0' ],
30 silly audit   figures: [ '6.1.0' ],
30 silly audit   'file-entry-cache': [ '8.0.0' ],
30 silly audit   'fill-range': [ '7.1.1' ],
30 silly audit   finalhandler: [ '2.1.1' ],
30 silly audit   'find-up': [ '5.0.0' ],
30 silly audit   'flat-cache': [ '4.0.1' ],
30 silly audit   flatted: [ '3.3.3' ],
30 silly audit   'for-each': [ '0.3.5' ],
30 silly audit   'formdata-polyfill': [ '4.0.10' ],
30 silly audit   forwarded: [ '0.2.0' ],
30 silly audit   'fraction.js': [ '5.3.4' ],
30 silly audit   fresh: [ '2.0.0' ],
30 silly audit   'fs-extra': [ '11.3.3' ],
30 silly audit   fsevents: [ '2.3.3' ],
30 silly audit   'function-bind': [ '1.1.2' ],
30 silly audit   'function.prototype.name': [ '1.1.8' ],
30 silly audit   'functions-have-names': [ '1.2.3' ],
30 silly audit   fuzzysort: [ '3.1.0' ],
30 silly audit   fzf: [ '0.5.2' ],
30 silly audit   gaxios: [ '6.7.1' ],
30 silly audit   uuid: [ '9.0.1', '8.3.2', '13.0.0' ],
30 silly audit   'gcp-metadata': [ '6.1.1' ],
30 silly audit   'generator-function': [ '2.0.1' ],
30 silly audit   gensync: [ '1.0.0-beta.2' ],
30 silly audit   'get-caller-file': [ '2.0.5' ],
30 silly audit   'get-east-asian-width': [ '1.4.0' ],
30 silly audit   'get-intrinsic': [ '1.3.0' ],
30 silly audit   'get-nonce': [ '1.0.1' ],
30 silly audit   'get-own-enumerable-keys': [ '1.0.0' ],
30 silly audit   'get-proto': [ '1.0.1' ],
30 silly audit   'get-symbol-description': [ '1.1.0' ],
30 silly audit   'get-tsconfig': [ '4.13.0' ],
30 silly audit   globalthis: [ '1.0.4' ],
30 silly audit   'google-auth-library': [ '9.15.1' ],
30 silly audit   'google-logging-utils': [ '0.0.2' ],
30 silly audit   googleapis: [ '126.0.1' ],
30 silly audit   'googleapis-common': [ '7.2.0' ],
30 silly audit   gopd: [ '1.2.0' ],
30 silly audit   'graceful-fs': [ '4.2.11' ],
30 silly audit   graphql: [ '16.12.0' ],
30 silly audit   gtoken: [ '7.1.0' ],
30 silly audit   'has-bigints': [ '1.1.0' ],
30 silly audit   'has-flag': [ '4.0.0' ],
30 silly audit   'has-property-descriptors': [ '1.0.2' ],
30 silly audit   'has-proto': [ '1.2.0' ],
30 silly audit   'has-symbols': [ '1.1.0' ],
30 silly audit   'has-tostringtag': [ '1.0.2' ],
30 silly audit   hasown: [ '2.0.2' ],
30 silly audit   'headers-polyfill': [ '4.0.3' ],
30 silly audit   'hermes-estree': [ '0.25.1' ],
30 silly audit   'hermes-parser': [ '0.25.1' ],
30 silly audit   'http-errors': [ '2.0.1' ],
30 silly audit   'https-proxy-agent': [ '7.0.6' ],
30 silly audit   'iconv-lite': [ '0.7.2' ],
30 silly audit   'import-fresh': [ '3.3.1' ],
30 silly audit   imurmurhash: [ '0.1.4' ],
30 silly audit   inherits: [ '2.0.4' ],
30 silly audit   'internal-slot': [ '1.1.0' ],
30 silly audit   'ipaddr.js': [ '1.9.1' ],
30 silly audit   'is-array-buffer': [ '3.0.5' ],
30 silly audit   'is-arrayish': [ '0.2.1' ],
30 silly audit   'is-async-function': [ '2.1.1' ],
30 silly audit   'is-bigint': [ '1.1.0' ],
30 silly audit   'is-binary-path': [ '2.1.0' ],
30 silly audit   'is-boolean-object': [ '1.2.2' ],
30 silly audit   'is-bun-module': [ '2.0.0' ],
30 silly audit   'is-callable': [ '1.2.7' ],
30 silly audit   'is-core-module': [ '2.16.1' ],
30 silly audit   'is-data-view': [ '1.0.2' ],
30 silly audit   'is-date-object': [ '1.1.0' ],
30 silly audit   'is-docker': [ '3.0.0' ],
30 silly audit   'is-extglob': [ '2.1.1' ],
30 silly audit   'is-finalizationregistry': [ '1.1.1' ],
30 silly audit   'is-fullwidth-code-point': [ '3.0.0' ],
30 silly audit   'is-generator-function': [ '1.1.2' ],
30 silly audit   'is-glob': [ '4.0.3' ],
30 silly audit   'is-in-ssh': [ '1.0.0' ],
30 silly audit   'is-inside-container': [ '1.0.0' ],
30 silly audit   'is-interactive': [ '2.0.0' ],
30 silly audit   'is-map': [ '2.0.3' ],
30 silly audit   'is-negative-zero': [ '2.0.3' ],
30 silly audit   'is-node-process': [ '1.2.0' ],
30 silly audit   'is-number': [ '7.0.0' ],
30 silly audit   'is-number-object': [ '1.1.1' ],
30 silly audit   'is-obj': [ '3.0.0' ],
30 silly audit   'is-plain-obj': [ '4.1.0' ],
30 silly audit   'is-promise': [ '4.0.0' ],
30 silly audit   'is-regex': [ '1.2.1' ],
30 silly audit   'is-regexp': [ '3.1.0' ],
30 silly audit   'is-set': [ '2.0.3' ],
30 silly audit   'is-shared-array-buffer': [ '1.0.4' ],
30 silly audit   'is-string': [ '1.1.1' ],
30 silly audit   'is-symbol': [ '1.1.1' ],
30 silly audit   'is-typed-array': [ '1.1.15' ],
30 silly audit   'is-unicode-supported': [ '2.1.0', '1.3.0' ],
30 silly audit   'is-weakmap': [ '2.0.2' ],
30 silly audit   'is-weakref': [ '1.1.1' ],
30 silly audit   'is-weakset': [ '2.0.4' ],
30 silly audit   'is-wsl': [ '3.1.0' ],
30 silly audit   isarray: [ '2.0.5' ],
30 silly audit   'iterator.prototype': [ '1.1.5' ],
30 silly audit   jiti: [ '1.21.7' ],
30 silly audit   'js-tokens': [ '4.0.0' ],
30 silly audit   'js-yaml': [ '4.1.1' ],
30 silly audit   jsesc: [ '3.1.0' ],
30 silly audit   'json-bigint': [ '1.0.0' ],
30 silly audit   'json-buffer': [ '3.0.1' ],
30 silly audit   'json-parse-even-better-errors': [ '2.3.1' ],
30 silly audit   'json-schema-typed': [ '8.0.2' ],
30 silly audit   'json-stable-stringify-without-jsonify': [ '1.0.1' ],
30 silly audit   json5: [ '2.2.3', '1.0.2' ],
30 silly audit   jsonfile: [ '6.2.0' ],
30 silly audit   'jsx-ast-utils': [ '3.3.5' ],
30 silly audit   jwa: [ '2.0.1' ],
30 silly audit   jws: [ '4.0.1' ],
30 silly audit   keyv: [ '4.5.4' ],
30 silly audit   kleur: [ '4.1.5', '3.0.3' ],
30 silly audit   'language-subtag-registry': [ '0.3.23' ],
30 silly audit   'language-tags': [ '1.0.9' ],
30 silly audit   levn: [ '0.4.1' ],
30 silly audit   lilconfig: [ '3.1.3' ],
30 silly audit   'lines-and-columns': [ '1.2.4' ],
30 silly audit   'locate-path': [ '6.0.0' ],
30 silly audit   'lodash.merge': [ '4.6.2' ],
30 silly audit   'log-symbols': [ '6.0.0' ],
30 silly audit   'loose-envify': [ '1.4.0' ],
30 silly audit   'lucide-react': [ '0.309.0' ],
30 silly audit   'math-intrinsics': [ '1.1.0' ],
30 silly audit   'media-typer': [ '1.1.0' ],
30 silly audit   'merge-descriptors': [ '2.0.0' ],
30 silly audit   'merge-stream': [ '2.0.0' ],
30 silly audit   merge2: [ '1.4.1' ],
30 silly audit   micromatch: [ '4.0.8' ],
30 silly audit   'mime-db': [ '1.54.0' ],
30 silly audit   'mime-types': [ '3.0.2' ],
30 silly audit   'mimic-fn': [ '2.1.0' ],
30 silly audit   'mimic-function': [ '5.0.1' ],
30 silly audit   minimist: [ '1.2.8' ],
30 silly audit   ms: [ '2.1.3' ],
30 silly audit   msw: [ '2.12.7' ],
30 silly audit   'mute-stream': [ '2.0.0' ],
30 silly audit   mz: [ '2.7.0' ],
30 silly audit   nanoid: [ '3.3.11' ],
30 silly audit   'napi-postinstall': [ '0.3.4' ],
30 silly audit   'natural-compare': [ '1.4.0' ],
30 silly audit   negotiator: [ '1.0.0' ],
30 silly audit   next: [ '16.1.5' ],
30 silly audit   'next-auth': [ '4.24.13' ],
30 silly audit   'node-domexception': [ '1.0.0' ],
30 silly audit   'node-fetch': [ '2.7.0', '3.3.2' ],
30 silly audit   'node-releases': [ '2.0.27' ],
30 silly audit   'normalize-path': [ '3.0.0' ],
30 silly audit   'path-key': [ '4.0.0', '3.1.1' ],
30 silly audit   oauth: [ '0.9.15' ],
30 silly audit   'object-assign': [ '4.1.1' ],
30 silly audit   'object-hash': [ '2.2.0', '3.0.0' ],
30 silly audit   'object-inspect': [ '1.13.4' ],
30 silly audit   'object-keys': [ '1.1.1' ],
30 silly audit   'object-treeify': [ '1.1.33' ],
30 silly audit   'object.assign': [ '4.1.7' ],
30 silly audit   'object.entries': [ '1.1.9' ],
30 silly audit   'object.fromentries': [ '2.0.8' ],
30 silly audit   'object.groupby': [ '1.0.3' ],
30 silly audit   'object.values': [ '1.2.1' ],
30 silly audit   'oidc-token-hash': [ '5.2.0' ],
30 silly audit   'on-finished': [ '2.4.1' ],
30 silly audit   once: [ '1.4.0' ],
30 silly audit   open: [ '11.0.0' ],
30 silly audit   'openid-client': [ '5.7.1' ],
30 silly audit   optionator: [ '0.9.4' ],
30 silly audit   ora: [ '8.2.0' ],
30 silly audit   outvariant: [ '1.4.3' ],
30 silly audit   'own-keys': [ '1.0.1' ],
30 silly audit   'p-limit': [ '3.1.0' ],
30 silly audit   'p-locate': [ '5.0.0' ],
30 silly audit   'package-manager-detector': [ '1.6.0' ],
30 silly audit   'parent-module': [ '1.0.1' ],
30 silly audit   'parse-json': [ '5.2.0' ],
30 silly audit   'parse-ms': [ '4.0.0' ],
30 silly audit   parseurl: [ '1.3.3' ],
30 silly audit   'path-browserify': [ '1.0.1' ],
30 silly audit   'path-exists': [ '4.0.0' ],
30 silly audit   'path-parse': [ '1.0.7' ],
30 silly audit   'path-to-regexp': [ '6.3.0', '8.3.0' ],
30 silly audit   picocolors: [ '1.1.1' ],
30 silly audit   pify: [ '2.3.0' ],
30 silly audit   pirates: [ '4.0.7' ],
30 silly audit   'pkce-challenge': [ '5.0.1' ],
30 silly audit   'possible-typed-array-names': [ '1.1.0' ],
30 silly audit   postcss: [ '8.4.31', '8.5.6' ],
30 silly audit   'postcss-import': [ '15.1.0' ],
30 silly audit   'postcss-js': [ '4.1.0' ],
30 silly audit   'postcss-load-config': [ '6.0.1' ],
30 silly audit   'postcss-nested': [ '6.2.0' ],
30 silly audit   'postcss-selector-parser': [ '6.1.2', '7.1.1' ],
30 silly audit   'postcss-value-parser': [ '4.2.0' ],
30 silly audit   'powershell-utils': [ '0.1.0' ],
30 silly audit   preact: [ '10.28.2' ],
30 silly audit   'preact-render-to-string': [ '5.2.6' ],
30 silly audit   'prelude-ls': [ '1.2.1' ],
30 silly audit   'pretty-format': [ '3.8.0' ],
30 silly audit   'pretty-ms': [ '9.3.0' ],
30 silly audit   prompts: [ '2.4.2' ],
30 silly audit   'prop-types': [ '15.8.1' ],
30 silly audit   'proxy-addr': [ '2.0.7' ],
30 silly audit   punycode: [ '2.3.1' ],
30 silly audit   qs: [ '6.14.1' ],
30 silly audit   'queue-microtask': [ '1.2.3' ],
30 silly audit   'range-parser': [ '1.2.1' ],
30 silly audit   'raw-body': [ '3.0.2' ],
30 silly audit   react: [ '19.2.3' ],
30 silly audit   'react-dom': [ '19.2.3' ],
30 silly audit   'react-is': [ '16.13.1' ],
30 silly audit   'react-remove-scroll': [ '2.7.2' ],
30 silly audit   'react-remove-scroll-bar': [ '2.3.8' ],
30 silly audit   'react-style-singleton': [ '2.2.3' ],
30 silly audit   'read-cache': [ '1.0.0' ],
30 silly audit   readdirp: [ '3.6.0' ],
30 silly audit   recast: [ '0.23.11' ],
30 silly audit   'reflect.getprototypeof': [ '1.0.10' ],
30 silly audit   'regexp.prototype.flags': [ '1.5.4' ],
30 silly audit   'require-directory': [ '2.1.1' ],
30 silly audit   'require-from-string': [ '2.0.2' ],
30 silly audit   'resolve-from': [ '4.0.0' ],
30 silly audit   'resolve-pkg-maps': [ '1.0.0' ],
30 silly audit   'restore-cursor': [ '5.1.0' ],
30 silly audit   rettime: [ '0.7.0' ],
30 silly audit   reusify: [ '1.1.0' ],
30 silly audit   router: [ '2.2.0' ],
30 silly audit   'run-applescript': [ '7.1.0' ],
30 silly audit   'run-parallel': [ '1.2.0' ],
30 silly audit   'safe-array-concat': [ '1.1.3' ],
30 silly audit   'safe-buffer': [ '5.2.1' ],
30 silly audit   'safe-push-apply': [ '1.0.0' ],
30 silly audit   'safe-regex-test': [ '1.1.0' ],
30 silly audit   'safer-buffer': [ '2.1.2' ],
30 silly audit   scheduler: [ '0.27.0' ],
30 silly audit   send: [ '1.2.1' ],
30 silly audit   'serve-static': [ '2.2.1' ],
30 silly audit   'set-function-length': [ '1.2.2' ],
30 silly audit   'set-function-name': [ '2.0.2' ],
30 silly audit   'set-proto': [ '1.0.0' ],
30 silly audit   setprototypeof: [ '1.2.0' ],
30 silly audit   shadcn: [ '3.7.0' ],
30 silly audit   'tsconfig-paths': [ '4.2.0', '3.15.0' ],
30 silly audit   sharp: [ '0.34.5' ],
30 silly audit   'shebang-command': [ '2.0.0' ],
30 silly audit   'shebang-regex': [ '3.0.0' ],
30 silly audit   'side-channel': [ '1.1.0' ],
30 silly audit   'side-channel-list': [ '1.0.0' ],
30 silly audit   'side-channel-map': [ '1.0.1' ],
30 silly audit   'side-channel-weakmap': [ '1.0.2' ],
30 silly audit   sisteransi: [ '1.0.5' ],
30 silly audit   'source-map': [ '0.6.1' ],
30 silly audit   'source-map-js': [ '1.2.1' ],
30 silly audit   'stable-hash': [ '0.0.5' ],
30 silly audit   statuses: [ '2.0.2' ],
30 silly audit   'stdin-discarder': [ '0.2.2' ],
30 silly audit   'stop-iteration-iterator': [ '1.1.0' ],
30 silly audit   'strict-event-emitter': [ '0.5.1' ],
30 silly audit   'string.prototype.includes': [ '2.0.1' ],
30 silly audit   'string.prototype.matchall': [ '4.0.12' ],
30 silly audit   'string.prototype.repeat': [ '1.0.0' ],
30 silly audit   'string.prototype.trim': [ '1.2.10' ],
30 silly audit   'string.prototype.trimend': [ '1.0.9' ],
30 silly audit   'string.prototype.trimstart': [ '1.0.8' ],
30 silly audit   'stringify-object': [ '5.0.0' ],
30 silly audit   'strip-bom': [ '3.0.0' ],
30 silly audit   'strip-json-comments': [ '3.1.1' ],
30 silly audit   'styled-jsx': [ '5.1.6' ],
30 silly audit   sucrase: [ '3.35.1' ],
30 silly audit   'supports-color': [ '7.2.0' ],
30 silly audit   'supports-preserve-symlinks-flag': [ '1.0.0' ],
30 silly audit   'tagged-tag': [ '1.0.0' ],
30 silly audit   'tailwind-merge': [ '2.6.0' ],
30 silly audit   tailwindcss: [ '3.4.19' ],
30 silly audit   'tailwindcss-animate': [ '1.0.7' ],
30 silly audit   thenify: [ '3.3.1' ],
30 silly audit   'thenify-all': [ '1.6.0' ],
30 silly audit   'tiny-invariant': [ '1.3.3' ],
30 silly audit   tinyexec: [ '1.0.2' ],
30 silly audit   tinyglobby: [ '0.2.15' ],
30 silly audit   tldts: [ '7.0.19' ],
30 silly audit   'tldts-core': [ '7.0.19' ],
30 silly audit   'to-regex-range': [ '5.0.1' ],
30 silly audit   toidentifier: [ '1.0.1' ],
30 silly audit   'tough-cookie': [ '6.0.0' ],
30 silly audit   tr46: [ '0.0.3' ],
30 silly audit   'ts-api-utils': [ '2.4.0' ],
30 silly audit   'ts-interface-checker': [ '0.1.13' ],
30 silly audit   'ts-morph': [ '26.0.0' ],
30 silly audit   tslib: [ '2.8.1' ],
30 silly audit   'type-check': [ '0.4.0' ],
30 silly audit   'type-fest': [ '5.4.2' ],
30 silly audit   'type-is': [ '2.0.1' ],
30 silly audit   'typed-array-buffer': [ '1.0.3' ],
30 silly audit   'typed-array-byte-length': [ '1.0.3' ],
30 silly audit   'typed-array-byte-offset': [ '1.0.4' ],
30 silly audit   'typed-array-length': [ '1.0.7' ],
30 silly audit   typescript: [ '5.9.3' ],
30 silly audit   'typescript-eslint': [ '8.54.0' ],
30 silly audit   'unbox-primitive': [ '1.1.0' ],
30 silly audit   'undici-types': [ '6.21.0' ],
30 silly audit   'unicorn-magic': [ '0.3.0' ],
30 silly audit   universalify: [ '2.0.1' ],
30 silly audit   unpipe: [ '1.0.0' ],
30 silly audit   'unrs-resolver': [ '1.11.1' ],
30 silly audit   'until-async': [ '3.0.2' ],
30 silly audit   'update-browserslist-db': [ '1.2.3' ],
30 silly audit   'uri-js': [ '4.4.1' ],
30 silly audit   'url-template': [ '2.0.8' ],
30 silly audit   'use-callback-ref': [ '1.3.3' ],
30 silly audit   'use-sidecar': [ '1.1.3' ],
30 silly audit   'use-sync-external-store': [ '1.6.0' ],
30 silly audit   'util-deprecate': [ '1.0.2' ],
30 silly audit   'validate-npm-package-name': [ '7.0.2' ],
30 silly audit   vary: [ '1.1.2' ],
30 silly audit   'web-streams-polyfill': [ '3.3.3' ],
30 silly audit   'webidl-conversions': [ '3.0.1' ],
30 silly audit   'whatwg-url': [ '5.0.0' ],
30 silly audit   'which-boxed-primitive': [ '1.1.1' ],
30 silly audit   'which-builtin-type': [ '1.2.1' ],
30 silly audit   'which-collection': [ '1.0.2' ],
30 silly audit   'which-typed-array': [ '1.1.20' ],
30 silly audit   'word-wrap': [ '1.2.5' ],
30 silly audit   wrappy: [ '1.0.2' ],
30 silly audit   'wsl-utils': [ '0.3.1' ],
30 silly audit   y18n: [ '5.0.8' ],
30 silly audit   yargs: [ '17.7.2' ],
30 silly audit   'yargs-parser': [ '21.1.1' ],
30 silly audit   'yocto-queue': [ '0.1.0' ],
30 silly audit   yoctocolors: [ '2.1.2' ],
30 silly audit   'yoctocolors-cjs': [ '2.1.3' ],
30 silly audit   zod: [ '3.25.76' ],
30 silly audit   'zod-to-json-schema': [ '3.25.1' ],
30 silly audit   'zod-validation-error': [ '4.0.2' ],
30 silly audit   '@hookform/resolvers': [ '5.2.2' ],
30 silly audit   'react-hook-form': [ '7.71.1' ],
30 silly audit   '@standard-schema/utils': [ '0.3.0' ]
30 silly audit }
31 verbose reify failed optional dependency /Users/t.punhongwiset/Documents/Autobot/WorkFlow_New_Product/node_modules/@unrs/resolver-binding-win32-x64-msvc
32 silly reify mark deleted [
32 silly reify   '/Users/t.punhongwiset/Documents/Autobot/WorkFlow_New_Product/node_modules/@unrs/resolver-binding-win32-x64-msvc'
32 silly reify ]
33 verbose reify failed optional dependency /Users/t.punhongwiset/Documents/Autobot/WorkFlow_New_Product/node_modules/@unrs/resolver-binding-win32-ia32-msvc
34 silly reify mark deleted [
34 silly reify   '/Users/t.punhongwiset/Documents/Autobot/WorkFlow_New_Product/node_modules/@unrs/resolver-binding-win32-ia32-msvc'
34 silly reify ]
35 verbose reify failed optional dependency /Users/t.punhongwiset/Documents/Autobot/WorkFlow_New_Product/node_modules/@unrs/resolver-binding-win32-arm64-msvc
36 silly reify mark deleted [
36 silly reify   '/Users/t.punhongwiset/Documents/Autobot/WorkFlow_New_Product/node_modules/@unrs/resolver-binding-win32-arm64-msvc'
36 silly reify ]
37 verbose reify failed optional dependency /Users/t.punhongwiset/Documents/Autobot/WorkFlow_New_Product/node_modules/@unrs/resolver-binding-wasm32-wasi
38 silly reify mark deleted [
38 silly reify   '/Users/t.punhongwiset/Documents/Autobot/WorkFlow_New_Product/node_modules/@unrs/resolver-binding-wasm32-wasi'
38 silly reify ]
39 verbose reify failed optional dependency /Users/t.punhongwiset/Documents/Autobot/WorkFlow_New_Product/node_modules/@napi-rs/wasm-runtime
40 silly reify mark deleted [
40 silly reify   '/Users/t.punhongwiset/Documents/Autobot/WorkFlow_New_Product/node_modules/@napi-rs/wasm-runtime'
40 silly reify ]
41 verbose reify failed optional dependency /Users/t.punhongwiset/Documents/Autobot/WorkFlow_New_Product/node_modules/@emnapi/core
42 silly reify mark deleted [
42 silly reify   '/Users/t.punhongwiset/Documents/Autobot/WorkFlow_New_Product/node_modules/@emnapi/core'
42 silly reify ]
43 verbose reify failed optional dependency /Users/t.punhongwiset/Documents/Autobot/WorkFlow_New_Product/node_modules/@tybys/wasm-util
44 silly reify mark deleted [
44 silly reify   '/Users/t.punhongwiset/Documents/Autobot/WorkFlow_New_Product/node_modules/@tybys/wasm-util'
44 silly reify ]
45 verbose reify failed optional dependency /Users/t.punhongwiset/Documents/Autobot/WorkFlow_New_Product/node_modules/@emnapi/wasi-threads
46 silly reify mark deleted [
46 silly reify   '/Users/t.punhongwiset/Documents/Autobot/WorkFlow_New_Product/node_modules/@emnapi/wasi-threads'
46 silly reify ]
47 verbose reify failed optional dependency /Users/t.punhongwiset/Documents/Autobot/WorkFlow_New_Product/node_modules/@unrs/resolver-binding-linux-x64-musl
48 silly reify mark deleted [
48 silly reify   '/Users/t.punhongwiset/Documents/Autobot/WorkFlow_New_Product/node_modules/@unrs/resolver-binding-linux-x64-musl'
48 silly reify ]
49 verbose reify failed optional dependency /Users/t.punhongwiset/Documents/Autobot/WorkFlow_New_Product/node_modules/@unrs/resolver-binding-linux-x64-gnu
50 silly reify mark deleted [
50 silly reify   '/Users/t.punhongwiset/Documents/Autobot/WorkFlow_New_Product/node_modules/@unrs/resolver-binding-linux-x64-gnu'
50 silly reify ]
51 verbose reify failed optional dependency /Users/t.punhongwiset/Documents/Autobot/WorkFlow_New_Product/node_modules/@unrs/resolver-binding-linux-s390x-gnu
52 silly reify mark deleted [
52 silly reify   '/Users/t.punhongwiset/Documents/Autobot/WorkFlow_New_Product/node_modules/@unrs/resolver-binding-linux-s390x-gnu'
52 silly reify ]
53 verbose reify failed optional dependency /Users/t.punhongwiset/Documents/Autobot/WorkFlow_New_Product/node_modules/@unrs/resolver-binding-linux-riscv64-musl
54 silly reify mark deleted [
54 silly reify   '/Users/t.punhongwiset/Documents/Autobot/WorkFlow_New_Product/node_modules/@unrs/resolver-binding-linux-riscv64-musl'
54 silly reify ]
55 verbose reify failed optional dependency /Users/t.punhongwiset/Documents/Autobot/WorkFlow_New_Product/node_modules/@unrs/resolver-binding-linux-riscv64-gnu
56 silly reify mark deleted [
56 silly reify   '/Users/t.punhongwiset/Documents/Autobot/WorkFlow_New_Product/node_modules/@unrs/resolver-binding-linux-riscv64-gnu'
56 silly reify ]
57 verbose reify failed optional dependency /Users/t.punhongwiset/Documents/Autobot/WorkFlow_New_Product/node_modules/@unrs/resolver-binding-linux-ppc64-gnu
58 silly reify mark deleted [
58 silly reify   '/Users/t.punhongwiset/Documents/Autobot/WorkFlow_New_Product/node_modules/@unrs/resolver-binding-linux-ppc64-gnu'
58 silly reify ]
59 verbose reify failed optional dependency /Users/t.punhongwiset/Documents/Autobot/WorkFlow_New_Product/node_modules/@unrs/resolver-binding-linux-arm64-musl
60 silly reify mark deleted [
60 silly reify   '/Users/t.punhongwiset/Documents/Autobot/WorkFlow_New_Product/node_modules/@unrs/resolver-binding-linux-arm64-musl'
60 silly reify ]
61 verbose reify failed optional dependency /Users/t.punhongwiset/Documents/Autobot/WorkFlow_New_Product/node_modules/@unrs/resolver-binding-linux-arm64-gnu
62 silly reify mark deleted [
62 silly reify   '/Users/t.punhongwiset/Documents/Autobot/WorkFlow_New_Product/node_modules/@unrs/resolver-binding-linux-arm64-gnu'
62 silly reify ]
63 verbose reify failed optional dependency /Users/t.punhongwiset/Documents/Autobot/WorkFlow_New_Product/node_modules/@unrs/resolver-binding-linux-arm-musleabihf
64 silly reify mark deleted [
64 silly reify   '/Users/t.punhongwiset/Documents/Autobot/WorkFlow_New_Product/node_modules/@unrs/resolver-binding-linux-arm-musleabihf'
64 silly reify ]
65 verbose reify failed optional dependency /Users/t.punhongwiset/Documents/Autobot/WorkFlow_New_Product/node_modules/@unrs/resolver-binding-linux-arm-gnueabihf
66 silly reify mark deleted [
66 silly reify   '/Users/t.punhongwiset/Documents/Autobot/WorkFlow_New_Product/node_modules/@unrs/resolver-binding-linux-arm-gnueabihf'
66 silly reify ]
67 verbose reify failed optional dependency /Users/t.punhongwiset/Documents/Autobot/WorkFlow_New_Product/node_modules/@unrs/resolver-binding-freebsd-x64
68 silly reify mark deleted [
68 silly reify   '/Users/t.punhongwiset/Documents/Autobot/WorkFlow_New_Product/node_modules/@unrs/resolver-binding-freebsd-x64'
68 silly reify ]
69 verbose reify failed optional dependency /Users/t.punhongwiset/Documents/Autobot/WorkFlow_New_Product/node_modules/@unrs/resolver-binding-darwin-x64
70 silly reify mark deleted [
70 silly reify   '/Users/t.punhongwiset/Documents/Autobot/WorkFlow_New_Product/node_modules/@unrs/resolver-binding-darwin-x64'
70 silly reify ]
71 verbose reify failed optional dependency /Users/t.punhongwiset/Documents/Autobot/WorkFlow_New_Product/node_modules/@unrs/resolver-binding-android-arm64
72 silly reify mark deleted [
72 silly reify   '/Users/t.punhongwiset/Documents/Autobot/WorkFlow_New_Product/node_modules/@unrs/resolver-binding-android-arm64'
72 silly reify ]
73 verbose reify failed optional dependency /Users/t.punhongwiset/Documents/Autobot/WorkFlow_New_Product/node_modules/@unrs/resolver-binding-android-arm-eabi
74 silly reify mark deleted [
74 silly reify   '/Users/t.punhongwiset/Documents/Autobot/WorkFlow_New_Product/node_modules/@unrs/resolver-binding-android-arm-eabi'
74 silly reify ]
75 verbose reify failed optional dependency /Users/t.punhongwiset/Documents/Autobot/WorkFlow_New_Product/node_modules/@next/swc-win32-x64-msvc
76 silly reify mark deleted [
76 silly reify   '/Users/t.punhongwiset/Documents/Autobot/WorkFlow_New_Product/node_modules/@next/swc-win32-x64-msvc'
76 silly reify ]
77 verbose reify failed optional dependency /Users/t.punhongwiset/Documents/Autobot/WorkFlow_New_Product/node_modules/@next/swc-win32-arm64-msvc
78 silly reify mark deleted [
78 silly reify   '/Users/t.punhongwiset/Documents/Autobot/WorkFlow_New_Product/node_modules/@next/swc-win32-arm64-msvc'
78 silly reify ]
79 verbose reify failed optional dependency /Users/t.punhongwiset/Documents/Autobot/WorkFlow_New_Product/node_modules/@next/swc-linux-x64-musl
80 silly reify mark deleted [
80 silly reify   '/Users/t.punhongwiset/Documents/Autobot/WorkFlow_New_Product/node_modules/@next/swc-linux-x64-musl'
80 silly reify ]
81 verbose reify failed optional dependency /Users/t.punhongwiset/Documents/Autobot/WorkFlow_New_Product/node_modules/@next/swc-linux-x64-gnu
82 silly reify mark deleted [
82 silly reify   '/Users/t.punhongwiset/Documents/Autobot/WorkFlow_New_Product/node_modules/@next/swc-linux-x64-gnu'
82 silly reify ]
83 verbose reify failed optional dependency /Users/t.punhongwiset/Documents/Autobot/WorkFlow_New_Product/node_modules/@next/swc-linux-arm64-musl
84 silly reify mark deleted [
84 silly reify   '/Users/t.punhongwiset/Documents/Autobot/WorkFlow_New_Product/node_modules/@next/swc-linux-arm64-musl'
84 silly reify ]
85 verbose reify failed optional dependency /Users/t.punhongwiset/Documents/Autobot/WorkFlow_New_Product/node_modules/@next/swc-linux-arm64-gnu
86 silly reify mark deleted [
86 silly reify   '/Users/t.punhongwiset/Documents/Autobot/WorkFlow_New_Product/node_modules/@next/swc-linux-arm64-gnu'
86 silly reify ]
87 verbose reify failed optional dependency /Users/t.punhongwiset/Documents/Autobot/WorkFlow_New_Product/node_modules/@next/swc-darwin-x64
88 silly reify mark deleted [
88 silly reify   '/Users/t.punhongwiset/Documents/Autobot/WorkFlow_New_Product/node_modules/@next/swc-darwin-x64'
88 silly reify ]
89 verbose reify failed optional dependency /Users/t.punhongwiset/Documents/Autobot/WorkFlow_New_Product/node_modules/@img/sharp-win32-x64
90 silly reify mark deleted [
90 silly reify   '/Users/t.punhongwiset/Documents/Autobot/WorkFlow_New_Product/node_modules/@img/sharp-win32-x64'
90 silly reify ]
91 verbose reify failed optional dependency /Users/t.punhongwiset/Documents/Autobot/WorkFlow_New_Product/node_modules/@img/sharp-win32-ia32
92 silly reify mark deleted [
92 silly reify   '/Users/t.punhongwiset/Documents/Autobot/WorkFlow_New_Product/node_modules/@img/sharp-win32-ia32'
92 silly reify ]
93 verbose reify failed optional dependency /Users/t.punhongwiset/Documents/Autobot/WorkFlow_New_Product/node_modules/@img/sharp-win32-arm64
94 silly reify mark deleted [
94 silly reify   '/Users/t.punhongwiset/Documents/Autobot/WorkFlow_New_Product/node_modules/@img/sharp-win32-arm64'
94 silly reify ]
95 verbose reify failed optional dependency /Users/t.punhongwiset/Documents/Autobot/WorkFlow_New_Product/node_modules/@img/sharp-wasm32
96 silly reify mark deleted [
96 silly reify   '/Users/t.punhongwiset/Documents/Autobot/WorkFlow_New_Product/node_modules/@img/sharp-wasm32'
96 silly reify ]
97 verbose reify failed optional dependency /Users/t.punhongwiset/Documents/Autobot/WorkFlow_New_Product/node_modules/@img/sharp-linuxmusl-x64
98 silly reify mark deleted [
98 silly reify   '/Users/t.punhongwiset/Documents/Autobot/WorkFlow_New_Product/node_modules/@img/sharp-linuxmusl-x64'
98 silly reify ]
99 verbose reify failed optional dependency /Users/t.punhongwiset/Documents/Autobot/WorkFlow_New_Product/node_modules/@img/sharp-linuxmusl-arm64
100 silly reify mark deleted [
100 silly reify   '/Users/t.punhongwiset/Documents/Autobot/WorkFlow_New_Product/node_modules/@img/sharp-linuxmusl-arm64'
100 silly reify ]
101 verbose reify failed optional dependency /Users/t.punhongwiset/Documents/Autobot/WorkFlow_New_Product/node_modules/@img/sharp-linux-x64
102 silly reify mark deleted [
102 silly reify   '/Users/t.punhongwiset/Documents/Autobot/WorkFlow_New_Product/node_modules/@img/sharp-linux-x64'
102 silly reify ]
103 verbose reify failed optional dependency /Users/t.punhongwiset/Documents/Autobot/WorkFlow_New_Product/node_modules/@img/sharp-linux-s390x
104 silly reify mark deleted [
104 silly reify   '/Users/t.punhongwiset/Documents/Autobot/WorkFlow_New_Product/node_modules/@img/sharp-linux-s390x'
104 silly reify ]
105 verbose reify failed optional dependency /Users/t.punhongwiset/Documents/Autobot/WorkFlow_New_Product/node_modules/@img/sharp-linux-riscv64
106 silly reify mark deleted [
106 silly reify   '/Users/t.punhongwiset/Documents/Autobot/WorkFlow_New_Product/node_modules/@img/sharp-linux-riscv64'
106 silly reify ]
107 verbose reify failed optional dependency /Users/t.punhongwiset/Documents/Autobot/WorkFlow_New_Product/node_modules/@img/sharp-linux-ppc64
108 silly reify mark deleted [
108 silly reify   '/Users/t.punhongwiset/Documents/Autobot/WorkFlow_New_Product/node_modules/@img/sharp-linux-ppc64'
108 silly reify ]
109 verbose reify failed optional dependency /Users/t.punhongwiset/Documents/Autobot/WorkFlow_New_Product/node_modules/@img/sharp-linux-arm64
110 silly reify mark deleted [
110 silly reify   '/Users/t.punhongwiset/Documents/Autobot/WorkFlow_New_Product/node_modules/@img/sharp-linux-arm64'
110 silly reify ]
111 verbose reify failed optional dependency /Users/t.punhongwiset/Documents/Autobot/WorkFlow_New_Product/node_modules/@img/sharp-linux-arm
112 silly reify mark deleted [
112 silly reify   '/Users/t.punhongwiset/Documents/Autobot/WorkFlow_New_Product/node_modules/@img/sharp-linux-arm'
112 silly reify ]
113 verbose reify failed optional dependency /Users/t.punhongwiset/Documents/Autobot/WorkFlow_New_Product/node_modules/@img/sharp-libvips-linuxmusl-x64
114 silly reify mark deleted [
114 silly reify   '/Users/t.punhongwiset/Documents/Autobot/WorkFlow_New_Product/node_modules/@img/sharp-libvips-linuxmusl-x64'
114 silly reify ]
115 verbose reify failed optional dependency /Users/t.punhongwiset/Documents/Autobot/WorkFlow_New_Product/node_modules/@img/sharp-libvips-linuxmusl-arm64
116 silly reify mark deleted [
116 silly reify   '/Users/t.punhongwiset/Documents/Autobot/WorkFlow_New_Product/node_modules/@img/sharp-libvips-linuxmusl-arm64'
116 silly reify ]
117 verbose reify failed optional dependency /Users/t.punhongwiset/Documents/Autobot/WorkFlow_New_Product/node_modules/@img/sharp-libvips-linux-x64
118 silly reify mark deleted [
118 silly reify   '/Users/t.punhongwiset/Documents/Autobot/WorkFlow_New_Product/node_modules/@img/sharp-libvips-linux-x64'
118 silly reify ]
119 verbose reify failed optional dependency /Users/t.punhongwiset/Documents/Autobot/WorkFlow_New_Product/node_modules/@img/sharp-libvips-linux-s390x
120 silly reify mark deleted [
120 silly reify   '/Users/t.punhongwiset/Documents/Autobot/WorkFlow_New_Product/node_modules/@img/sharp-libvips-linux-s390x'
120 silly reify ]
121 verbose reify failed optional dependency /Users/t.punhongwiset/Documents/Autobot/WorkFlow_New_Product/node_modules/@img/sharp-libvips-linux-riscv64
122 silly reify mark deleted [
122 silly reify   '/Users/t.punhongwiset/Documents/Autobot/WorkFlow_New_Product/node_modules/@img/sharp-libvips-linux-riscv64'
122 silly reify ]
123 verbose reify failed optional dependency /Users/t.punhongwiset/Documents/Autobot/WorkFlow_New_Product/node_modules/@img/sharp-libvips-linux-ppc64
124 silly reify mark deleted [
124 silly reify   '/Users/t.punhongwiset/Documents/Autobot/WorkFlow_New_Product/node_modules/@img/sharp-libvips-linux-ppc64'
124 silly reify ]
125 verbose reify failed optional dependency /Users/t.punhongwiset/Documents/Autobot/WorkFlow_New_Product/node_modules/@img/sharp-libvips-linux-arm64
126 silly reify mark deleted [
126 silly reify   '/Users/t.punhongwiset/Documents/Autobot/WorkFlow_New_Product/node_modules/@img/sharp-libvips-linux-arm64'
126 silly reify ]
127 verbose reify failed optional dependency /Users/t.punhongwiset/Documents/Autobot/WorkFlow_New_Product/node_modules/@img/sharp-libvips-linux-arm
128 silly reify mark deleted [
128 silly reify   '/Users/t.punhongwiset/Documents/Autobot/WorkFlow_New_Product/node_modules/@img/sharp-libvips-linux-arm'
128 silly reify ]
129 verbose reify failed optional dependency /Users/t.punhongwiset/Documents/Autobot/WorkFlow_New_Product/node_modules/@img/sharp-libvips-darwin-x64
130 silly reify mark deleted [
130 silly reify   '/Users/t.punhongwiset/Documents/Autobot/WorkFlow_New_Product/node_modules/@img/sharp-libvips-darwin-x64'
130 silly reify ]
131 verbose reify failed optional dependency /Users/t.punhongwiset/Documents/Autobot/WorkFlow_New_Product/node_modules/@img/sharp-darwin-x64
132 silly reify mark deleted [
132 silly reify   '/Users/t.punhongwiset/Documents/Autobot/WorkFlow_New_Product/node_modules/@img/sharp-darwin-x64'
132 silly reify ]
133 http cache @standard-schema/utils@https://registry.npmjs.org/@standard-schema/utils/-/utils-0.3.0.tgz 0ms (cache hit)
134 http cache @hookform/resolvers@https://registry.npmjs.org/@hookform/resolvers/-/resolvers-5.2.2.tgz 0ms (cache hit)
135 http cache @napi-rs/wasm-runtime@https://registry.npmjs.org/@napi-rs/wasm-runtime/-/wasm-runtime-0.2.12.tgz 0ms (cache hit)
136 http cache react-hook-form@https://registry.npmjs.org/react-hook-form/-/react-hook-form-7.71.1.tgz 0ms (cache hit)
137 http cache @emnapi/wasi-threads@https://registry.npmjs.org/@emnapi/wasi-threads/-/wasi-threads-1.1.0.tgz 0ms (cache hit)
138 http cache @tybys/wasm-util@https://registry.npmjs.org/@tybys/wasm-util/-/wasm-util-0.10.1.tgz 0ms (cache hit)
139 http cache @emnapi/core@https://registry.npmjs.org/@emnapi/core/-/core-1.8.1.tgz 0ms (cache hit)
140 silly tarball no local data for @standard-schema/utils@https://registry.npmjs.org/@standard-schema/utils/-/utils-0.3.0.tgz. Extracting by manifest.
141 silly tarball no local data for @hookform/resolvers@https://registry.npmjs.org/@hookform/resolvers/-/resolvers-5.2.2.tgz. Extracting by manifest.
142 silly tarball no local data for react-hook-form@https://registry.npmjs.org/react-hook-form/-/react-hook-form-7.71.1.tgz. Extracting by manifest.
143 http fetch GET 200 https://registry.npmjs.org/react-hook-form/-/react-hook-form-7.71.1.tgz 164ms (cache miss)
144 http fetch POST 200 https://registry.npmjs.org/-/npm/v1/security/advisories/bulk 288ms
145 silly audit report {}
146 http fetch GET 200 https://registry.npmjs.org/@standard-schema/utils/-/utils-0.3.0.tgz 420ms (cache miss)
147 http fetch GET 200 https://registry.npmjs.org/@hookform/resolvers/-/resolvers-5.2.2.tgz 709ms (cache miss)
148 silly ADD node_modules/@standard-schema/utils
149 silly ADD node_modules/react-hook-form
150 silly ADD node_modules/@hookform/resolvers
151 silly ADD
152 silly ADD
153 silly ADD
154 silly ADD
155 silly ADD
156 silly ADD
157 silly ADD
158 silly ADD
159 silly ADD
160 silly ADD
161 silly ADD
162 silly ADD
163 silly ADD
164 silly ADD
165 silly ADD
166 silly ADD
167 silly ADD
168 silly ADD
169 silly ADD
170 silly ADD
171 silly ADD
172 silly ADD
173 silly ADD
174 silly ADD
175 silly ADD
176 silly ADD
177 silly ADD
178 silly ADD
179 silly ADD
180 silly ADD
181 silly ADD
182 silly ADD
183 silly ADD
184 silly ADD
185 silly ADD
186 silly ADD
187 silly ADD
188 silly ADD
189 silly ADD
190 silly ADD
191 silly ADD
192 silly ADD
193 silly ADD
194 silly ADD
195 silly ADD
196 silly ADD
197 silly ADD
198 silly ADD
199 silly ADD
200 silly ADD
201 silly ADD
202 verbose cwd /Users/t.punhongwiset/Documents/Autobot/WorkFlow_New_Product
203 verbose os Darwin 23.5.0
204 verbose node v22.14.0
205 verbose npm  v10.9.2
206 verbose exit 0
207 info ok
