0 verbose cli /usr/local/bin/node /usr/local/bin/npm
1 info using npm@10.9.2
2 info using node@v22.14.0
3 silly config load:file:/usr/local/lib/node_modules/npm/npmrc
4 silly config load:file:/Users/t.punhongwiset/Documents/Autobot/WorkFlow_New_Product/.npmrc
5 silly config load:file:/Users/t.punhongwiset/.npmrc
6 silly config load:file:/usr/local/etc/npmrc
7 verbose title npm install @types/bcryptjs
8 verbose argv "install" "--save-dev" "@types/bcryptjs"
9 verbose logfile logs-max:10 dir:/Users/t.punhongwiset/Documents/Autobot/WorkFlow_New_Product/npm-cache/_logs/2026-01-28T17_36_18_934Z-
10 verbose logfile /Users/t.punhongwiset/Documents/Autobot/WorkFlow_New_Product/npm-cache/_logs/2026-01-28T17_36_18_934Z-debug-0.log
11 silly logfile start cleaning logs, removing 1 files
12 silly packumentCache heap:2197815296 maxSize:549453824 maxEntrySize:274726912
13 silly logfile done cleaning log files
14 silly idealTree buildDeps
15 silly fetch manifest @types/bcryptjs@*
16 silly packumentCache full:https://registry.npmjs.org/@types%2fbcryptjs cache-miss
17 http fetch GET 200 https://registry.npmjs.org/@types%2fbcryptjs 1070ms (cache miss)
18 silly packumentCache full:https://registry.npmjs.org/@types%2fbcryptjs set size:undefined disposed:false
19 silly placeDep ROOT @types/bcryptjs@2.4.6 OK for: workflow-new-product@0.1.0 want: *
20 silly reify moves {}
21 silly audit bulk request {
21 silly audit   '@alloc/quick-lru': [ '5.2.0' ],
21 silly audit   '@antfu/ni': [ '25.0.0' ],
21 silly audit   '@babel/code-frame': [ '7.28.6' ],
21 silly audit   '@babel/compat-data': [ '7.28.6' ],
21 silly audit   '@babel/core': [ '7.28.6' ],
21 silly audit   semver: [ '6.3.1', '7.7.3' ],
21 silly audit   '@babel/generator': [ '7.28.6' ],
21 silly audit   '@babel/helper-annotate-as-pure': [ '7.27.3' ],
21 silly audit   '@babel/helper-compilation-targets': [ '7.28.6' ],
21 silly audit   'lru-cache': [ '5.1.1', '6.0.0' ],
21 silly audit   yallist: [ '3.1.1', '4.0.0' ],
21 silly audit   '@babel/helper-create-class-features-plugin': [ '7.28.6' ],
21 silly audit   '@babel/helper-globals': [ '7.28.0' ],
21 silly audit   '@babel/helper-member-expression-to-functions': [ '7.28.5' ],
21 silly audit   '@babel/helper-module-imports': [ '7.28.6' ],
21 silly audit   '@babel/helper-module-transforms': [ '7.28.6' ],
21 silly audit   '@babel/helper-optimise-call-expression': [ '7.27.1' ],
21 silly audit   '@babel/helper-plugin-utils': [ '7.28.6' ],
21 silly audit   '@babel/helper-replace-supers': [ '7.28.6' ],
21 silly audit   '@babel/helper-skip-transparent-expression-wrappers': [ '7.27.1' ],
21 silly audit   '@babel/helper-string-parser': [ '7.27.1' ],
21 silly audit   '@babel/helper-validator-identifier': [ '7.28.5' ],
21 silly audit   '@babel/helper-validator-option': [ '7.27.1' ],
21 silly audit   '@babel/helpers': [ '7.28.6' ],
21 silly audit   '@babel/parser': [ '7.28.6' ],
21 silly audit   '@babel/plugin-syntax-jsx': [ '7.28.6' ],
21 silly audit   '@babel/plugin-syntax-typescript': [ '7.28.6' ],
21 silly audit   '@babel/plugin-transform-modules-commonjs': [ '7.28.6' ],
21 silly audit   '@babel/plugin-transform-typescript': [ '7.28.6' ],
21 silly audit   '@babel/preset-typescript': [ '7.28.5' ],
21 silly audit   '@babel/runtime': [ '7.28.6' ],
21 silly audit   '@babel/template': [ '7.28.6' ],
21 silly audit   '@babel/traverse': [ '7.28.6' ],
21 silly audit   '@babel/types': [ '7.28.6' ],
21 silly audit   '@dotenvx/dotenvx': [ '1.52.0' ],
21 silly audit   commander: [ '11.1.0', '4.1.1', '14.0.2' ],
21 silly audit   execa: [ '5.1.1', '9.6.1' ],
21 silly audit   'get-stream': [ '6.0.1', '9.0.1' ],
21 silly audit   'human-signals': [ '2.1.0', '8.0.1' ],
21 silly audit   isexe: [ '3.1.1', '2.0.0' ],
21 silly audit   'npm-run-path': [ '4.0.1', '6.0.0' ],
21 silly audit   onetime: [ '5.1.2', '7.0.0' ],
21 silly audit   picomatch: [ '4.0.3', '2.3.1' ],
21 silly audit   'signal-exit': [ '3.0.7', '4.1.0' ],
21 silly audit   'strip-final-newline': [ '2.0.0', '4.0.0' ],
21 silly audit   which: [ '4.0.0', '2.0.2' ],
21 silly audit   '@ecies/ciphers': [ '0.2.5' ],
21 silly audit   '@emnapi/core': [ '1.8.1' ],
21 silly audit   '@emnapi/runtime': [ '1.8.1' ],
21 silly audit   '@emnapi/wasi-threads': [ '1.1.0' ],
21 silly audit   '@eslint-community/eslint-utils': [ '4.9.1' ],
21 silly audit   'eslint-visitor-keys': [ '3.4.3', '4.2.1' ],
21 silly audit   '@eslint-community/regexpp': [ '4.12.2' ],
21 silly audit   '@eslint/config-array': [ '0.21.1' ],
21 silly audit   '@eslint/config-helpers': [ '0.4.2' ],
21 silly audit   '@eslint/core': [ '0.17.0' ],
21 silly audit   '@eslint/eslintrc': [ '3.3.3' ],
21 silly audit   '@eslint/js': [ '9.39.2' ],
21 silly audit   '@eslint/object-schema': [ '2.1.7' ],
21 silly audit   '@eslint/plugin-kit': [ '0.4.1' ],
21 silly audit   '@floating-ui/core': [ '1.7.3' ],
21 silly audit   '@floating-ui/dom': [ '1.7.4' ],
21 silly audit   '@floating-ui/react-dom': [ '2.1.6' ],
21 silly audit   '@floating-ui/utils': [ '0.2.10' ],
21 silly audit   '@hono/node-server': [ '1.19.9' ],
21 silly audit   '@hookform/resolvers': [ '5.2.2' ],
21 silly audit   '@humanfs/core': [ '0.19.1' ],
21 silly audit   '@humanfs/node': [ '0.16.7' ],
21 silly audit   '@humanwhocodes/module-importer': [ '1.0.1' ],
21 silly audit   '@humanwhocodes/retry': [ '0.4.3' ],
21 silly audit   '@img/colour': [ '1.0.0' ],
21 silly audit   '@img/sharp-darwin-arm64': [ '0.34.5' ],
21 silly audit   '@img/sharp-darwin-x64': [ '0.34.5' ],
21 silly audit   '@img/sharp-libvips-darwin-arm64': [ '1.2.4' ],
21 silly audit   '@img/sharp-libvips-darwin-x64': [ '1.2.4' ],
21 silly audit   '@img/sharp-libvips-linux-arm': [ '1.2.4' ],
21 silly audit   '@img/sharp-libvips-linux-arm64': [ '1.2.4' ],
21 silly audit   '@img/sharp-libvips-linux-ppc64': [ '1.2.4' ],
21 silly audit   '@img/sharp-libvips-linux-riscv64': [ '1.2.4' ],
21 silly audit   '@img/sharp-libvips-linux-s390x': [ '1.2.4' ],
21 silly audit   '@img/sharp-libvips-linux-x64': [ '1.2.4' ],
21 silly audit   '@img/sharp-libvips-linuxmusl-arm64': [ '1.2.4' ],
21 silly audit   '@img/sharp-libvips-linuxmusl-x64': [ '1.2.4' ],
21 silly audit   '@img/sharp-linux-arm': [ '0.34.5' ],
21 silly audit   '@img/sharp-linux-arm64': [ '0.34.5' ],
21 silly audit   '@img/sharp-linux-ppc64': [ '0.34.5' ],
21 silly audit   '@img/sharp-linux-riscv64': [ '0.34.5' ],
21 silly audit   '@img/sharp-linux-s390x': [ '0.34.5' ],
21 silly audit   '@img/sharp-linux-x64': [ '0.34.5' ],
21 silly audit   '@img/sharp-linuxmusl-arm64': [ '0.34.5' ],
21 silly audit   '@img/sharp-linuxmusl-x64': [ '0.34.5' ],
21 silly audit   '@img/sharp-wasm32': [ '0.34.5' ],
21 silly audit   '@img/sharp-win32-arm64': [ '0.34.5' ],
21 silly audit   '@img/sharp-win32-ia32': [ '0.34.5' ],
21 silly audit   '@img/sharp-win32-x64': [ '0.34.5' ],
21 silly audit   '@inquirer/ansi': [ '1.0.2' ],
21 silly audit   '@inquirer/confirm': [ '5.1.21' ],
21 silly audit   '@inquirer/core': [ '10.3.2' ],
21 silly audit   '@inquirer/figures': [ '1.0.15' ],
21 silly audit   '@inquirer/type': [ '3.0.10' ],
21 silly audit   '@isaacs/balanced-match': [ '4.0.1' ],
21 silly audit   '@isaacs/brace-expansion': [ '5.0.0' ],
21 silly audit   '@jridgewell/gen-mapping': [ '0.3.13' ],
21 silly audit   '@jridgewell/remapping': [ '2.3.5' ],
21 silly audit   '@jridgewell/resolve-uri': [ '3.1.2' ],
21 silly audit   '@jridgewell/sourcemap-codec': [ '1.5.5' ],
21 silly audit   '@jridgewell/trace-mapping': [ '0.3.31' ],
21 silly audit   '@modelcontextprotocol/sdk': [ '1.25.3' ],
21 silly audit   ajv: [ '8.17.1', '6.12.6' ],
21 silly audit   jose: [ '6.1.3', '4.15.9' ],
21 silly audit   'json-schema-traverse': [ '1.0.0', '0.4.1' ],
21 silly audit   '@mswjs/interceptors': [ '0.40.0' ],
21 silly audit   '@napi-rs/wasm-runtime': [ '0.2.12' ],
21 silly audit   '@next/env': [ '16.1.5' ],
21 silly audit   '@next/eslint-plugin-next': [ '16.1.5' ],
21 silly audit   '@next/swc-darwin-arm64': [ '16.1.5' ],
21 silly audit   '@next/swc-darwin-x64': [ '16.1.5' ],
21 silly audit   '@next/swc-linux-arm64-gnu': [ '16.1.5' ],
21 silly audit   '@next/swc-linux-arm64-musl': [ '16.1.5' ],
21 silly audit   '@next/swc-linux-x64-gnu': [ '16.1.5' ],
21 silly audit   '@next/swc-linux-x64-musl': [ '16.1.5' ],
21 silly audit   '@next/swc-win32-arm64-msvc': [ '16.1.5' ],
21 silly audit   '@next/swc-win32-x64-msvc': [ '16.1.5' ],
21 silly audit   '@noble/ciphers': [ '1.3.0' ],
21 silly audit   '@noble/curves': [ '1.9.7' ],
21 silly audit   '@noble/hashes': [ '1.8.0' ],
21 silly audit   '@nodelib/fs.scandir': [ '2.1.5' ],
21 silly audit   '@nodelib/fs.stat': [ '2.0.5' ],
21 silly audit   '@nodelib/fs.walk': [ '1.2.8' ],
21 silly audit   '@nolyfill/is-core-module': [ '1.0.39' ],
21 silly audit   '@open-draft/deferred-promise': [ '2.2.0' ],
21 silly audit   '@open-draft/logger': [ '0.3.0' ],
21 silly audit   '@open-draft/until': [ '2.1.0' ],
21 silly audit   '@panva/hkdf': [ '1.2.1' ],
21 silly audit   '@radix-ui/number': [ '1.1.1' ],
21 silly audit   '@radix-ui/primitive': [ '1.1.3' ],
21 silly audit   '@radix-ui/react-arrow': [ '1.1.7' ],
21 silly audit   '@radix-ui/react-primitive': [ '2.1.3', '2.1.4' ],
21 silly audit   '@radix-ui/react-slot': [ '1.2.3', '1.2.4' ],
21 silly audit   '@radix-ui/react-avatar': [ '1.1.11' ],
21 silly audit   '@radix-ui/react-checkbox': [ '1.3.3' ],
21 silly audit   '@radix-ui/react-context': [ '1.1.2', '1.1.3' ],
21 silly audit   '@radix-ui/react-collection': [ '1.1.7' ],
21 silly audit   '@radix-ui/react-compose-refs': [ '1.1.2' ],
21 silly audit   '@radix-ui/react-dialog': [ '1.1.15' ],
21 silly audit   '@radix-ui/react-direction': [ '1.1.1' ],
21 silly audit   '@radix-ui/react-dismissable-layer': [ '1.1.11' ],
21 silly audit   '@radix-ui/react-dropdown-menu': [ '2.1.16' ],
21 silly audit   '@radix-ui/react-focus-guards': [ '1.1.3' ],
21 silly audit   '@radix-ui/react-focus-scope': [ '1.1.7' ],
21 silly audit   '@radix-ui/react-id': [ '1.1.1' ],
21 silly audit   '@radix-ui/react-label': [ '2.1.8' ],
21 silly audit   '@radix-ui/react-menu': [ '2.1.16' ],
21 silly audit   '@radix-ui/react-popover': [ '1.1.15' ],
21 silly audit   '@radix-ui/react-popper': [ '1.2.8' ],
21 silly audit   '@radix-ui/react-portal': [ '1.1.9' ],
21 silly audit   '@radix-ui/react-presence': [ '1.1.5' ],
21 silly audit   '@radix-ui/react-roving-focus': [ '1.1.11' ],
21 silly audit   '@radix-ui/react-scroll-area': [ '1.2.10' ],
21 silly audit   '@radix-ui/react-select': [ '2.2.6' ],
21 silly audit   '@radix-ui/react-separator': [ '1.1.8' ],
21 silly audit   '@radix-ui/react-tabs': [ '1.1.13' ],
21 silly audit   '@radix-ui/react-use-callback-ref': [ '1.1.1' ],
21 silly audit   '@radix-ui/react-use-controllable-state': [ '1.2.2' ],
21 silly audit   '@radix-ui/react-use-effect-event': [ '0.0.2' ],
21 silly audit   '@radix-ui/react-use-escape-keydown': [ '1.1.1' ],
21 silly audit   '@radix-ui/react-use-is-hydrated': [ '0.1.0' ],
21 silly audit   '@radix-ui/react-use-layout-effect': [ '1.1.1' ],
21 silly audit   '@radix-ui/react-use-previous': [ '1.1.1' ],
21 silly audit   '@radix-ui/react-use-rect': [ '1.1.1' ],
21 silly audit   '@radix-ui/react-use-size': [ '1.1.1' ],
21 silly audit   '@radix-ui/react-visually-hidden': [ '1.2.3' ],
21 silly audit   '@radix-ui/rect': [ '1.1.1' ],
21 silly audit   '@rtsao/scc': [ '1.1.0' ],
21 silly audit   '@sec-ant/readable-stream': [ '0.4.1' ],
21 silly audit   '@sindresorhus/merge-streams': [ '4.0.0' ],
21 silly audit   '@standard-schema/utils': [ '0.3.0' ],
21 silly audit   '@swc/helpers': [ '0.5.15' ],
21 silly audit   '@ts-morph/common': [ '0.27.0' ],
21 silly audit   'fast-glob': [ '3.3.3', '3.3.1' ],
21 silly audit   'glob-parent': [ '5.1.2', '6.0.2' ],
21 silly audit   minimatch: [ '10.1.1', '9.0.5', '3.1.2' ],
21 silly audit   '@tybys/wasm-util': [ '0.10.1' ],
21 silly audit   '@types/estree': [ '1.0.8' ],
21 silly audit   '@types/json-schema': [ '7.0.15' ],
21 silly audit   '@types/json5': [ '0.0.29' ],
21 silly audit   '@types/node': [ '20.19.30' ],
21 silly audit   '@types/react': [ '19.2.10' ],
21 silly audit   '@types/react-dom': [ '19.2.3' ],
21 silly audit   '@types/statuses': [ '2.0.6' ],
21 silly audit   '@types/uuid': [ '10.0.0' ],
21 silly audit   '@types/validate-npm-package-name': [ '4.0.2' ],
21 silly audit   '@typescript-eslint/eslint-plugin': [ '8.54.0' ],
21 silly audit   ignore: [ '7.0.5', '5.3.2' ],
21 silly audit   '@typescript-eslint/parser': [ '8.54.0' ],
21 silly audit   '@typescript-eslint/project-service': [ '8.54.0' ],
21 silly audit   '@typescript-eslint/scope-manager': [ '8.54.0' ],
21 silly audit   '@typescript-eslint/tsconfig-utils': [ '8.54.0' ],
21 silly audit   '@typescript-eslint/type-utils': [ '8.54.0' ],
21 silly audit   '@typescript-eslint/types': [ '8.54.0' ],
21 silly audit   '@typescript-eslint/typescript-estree': [ '8.54.0' ],
21 silly audit   'brace-expansion': [ '2.0.2', '1.1.12' ],
21 silly audit   '@typescript-eslint/utils': [ '8.54.0' ],
21 silly audit   '@typescript-eslint/visitor-keys': [ '8.54.0' ],
21 silly audit   '@unrs/resolver-binding-android-arm-eabi': [ '1.11.1' ],
21 silly audit   '@unrs/resolver-binding-android-arm64': [ '1.11.1' ],
21 silly audit   '@unrs/resolver-binding-darwin-arm64': [ '1.11.1' ],
21 silly audit   '@unrs/resolver-binding-darwin-x64': [ '1.11.1' ],
21 silly audit   '@unrs/resolver-binding-freebsd-x64': [ '1.11.1' ],
21 silly audit   '@unrs/resolver-binding-linux-arm-gnueabihf': [ '1.11.1' ],
21 silly audit   '@unrs/resolver-binding-linux-arm-musleabihf': [ '1.11.1' ],
21 silly audit   '@unrs/resolver-binding-linux-arm64-gnu': [ '1.11.1' ],
21 silly audit   '@unrs/resolver-binding-linux-arm64-musl': [ '1.11.1' ],
21 silly audit   '@unrs/resolver-binding-linux-ppc64-gnu': [ '1.11.1' ],
21 silly audit   '@unrs/resolver-binding-linux-riscv64-gnu': [ '1.11.1' ],
21 silly audit   '@unrs/resolver-binding-linux-riscv64-musl': [ '1.11.1' ],
21 silly audit   '@unrs/resolver-binding-linux-s390x-gnu': [ '1.11.1' ],
21 silly audit   '@unrs/resolver-binding-linux-x64-gnu': [ '1.11.1' ],
21 silly audit   '@unrs/resolver-binding-linux-x64-musl': [ '1.11.1' ],
21 silly audit   '@unrs/resolver-binding-wasm32-wasi': [ '1.11.1' ],
21 silly audit   '@unrs/resolver-binding-win32-arm64-msvc': [ '1.11.1' ],
21 silly audit   '@unrs/resolver-binding-win32-ia32-msvc': [ '1.11.1' ],
21 silly audit   '@unrs/resolver-binding-win32-x64-msvc': [ '1.11.1' ],
21 silly audit   accepts: [ '2.0.0' ],
21 silly audit   acorn: [ '8.15.0' ],
21 silly audit   'acorn-jsx': [ '5.3.2' ],
21 silly audit   'agent-base': [ '7.1.4' ],
21 silly audit   'ajv-formats': [ '3.0.1' ],
21 silly audit   'ansi-regex': [ '6.2.2', '5.0.1' ],
21 silly audit   'ansi-styles': [ '4.3.0' ],
21 silly audit   ansis: [ '4.2.0' ],
21 silly audit   'any-promise': [ '1.3.0' ],
21 silly audit   anymatch: [ '3.1.3' ],
21 silly audit   arg: [ '5.0.2' ],
21 silly audit   argparse: [ '2.0.1' ],
21 silly audit   'aria-hidden': [ '1.2.6' ],
21 silly audit   'aria-query': [ '5.3.2' ],
21 silly audit   'array-buffer-byte-length': [ '1.0.2' ],
21 silly audit   'array-includes': [ '3.1.9' ],
21 silly audit   'array.prototype.findlast': [ '1.2.5' ],
21 silly audit   'array.prototype.findlastindex': [ '1.2.6' ],
21 silly audit   'array.prototype.flat': [ '1.3.3' ],
21 silly audit   'array.prototype.flatmap': [ '1.3.3' ],
21 silly audit   'array.prototype.tosorted': [ '1.1.4' ],
21 silly audit   'arraybuffer.prototype.slice': [ '1.0.4' ],
21 silly audit   'ast-types': [ '0.16.1' ],
21 silly audit   'ast-types-flow': [ '0.0.8' ],
21 silly audit   'async-function': [ '1.0.0' ],
21 silly audit   autoprefixer: [ '10.4.23' ],
21 silly audit   'available-typed-arrays': [ '1.0.7' ],
21 silly audit   'axe-core': [ '4.11.1' ],
21 silly audit   'axobject-query': [ '4.1.0' ],
21 silly audit   'balanced-match': [ '1.0.2' ],
21 silly audit   'base64-js': [ '1.5.1' ],
21 silly audit   'baseline-browser-mapping': [ '2.9.18' ],
21 silly audit   bcryptjs: [ '3.0.3' ],
21 silly audit   'bignumber.js': [ '9.3.1' ],
21 silly audit   'binary-extensions': [ '2.3.0' ],
21 silly audit   'body-parser': [ '2.2.2' ],
21 silly audit   braces: [ '3.0.3' ],
21 silly audit   browserslist: [ '4.28.1' ],
21 silly audit   'buffer-equal-constant-time': [ '1.0.1' ],
21 silly audit   'bundle-name': [ '4.1.0' ],
21 silly audit   bytes: [ '3.1.2' ],
21 silly audit   'call-bind': [ '1.0.8' ],
21 silly audit   'call-bind-apply-helpers': [ '1.0.2' ],
21 silly audit   'call-bound': [ '1.0.4' ],
21 silly audit   callsites: [ '3.1.0' ],
21 silly audit   'camelcase-css': [ '2.0.1' ],
21 silly audit   'caniuse-lite': [ '1.0.30001766' ],
21 silly audit   chalk: [ '4.1.2', '5.6.2' ],
21 silly audit   chokidar: [ '3.6.0' ],
21 silly audit   'class-variance-authority': [ '0.7.1' ],
21 silly audit   'cli-cursor': [ '5.0.0' ],
21 silly audit   'cli-spinners': [ '2.9.2' ],
21 silly audit   'cli-width': [ '4.1.0' ],
21 silly audit   'client-only': [ '0.0.1' ],
21 silly audit   cliui: [ '8.0.1' ],
21 silly audit   'emoji-regex': [ '8.0.0', '9.2.2', '10.6.0' ],
21 silly audit   'string-width': [ '4.2.3', '7.2.0' ],
21 silly audit   'strip-ansi': [ '6.0.1', '7.1.2' ],
21 silly audit   'wrap-ansi': [ '7.0.0', '6.2.0' ],
21 silly audit   clsx: [ '2.1.1' ],
21 silly audit   'code-block-writer': [ '13.0.3' ],
21 silly audit   'color-convert': [ '2.0.1' ],
21 silly audit   'color-name': [ '1.1.4' ],
21 silly audit   'concat-map': [ '0.0.1' ],
21 silly audit   'content-disposition': [ '1.0.1' ],
21 silly audit   'content-type': [ '1.0.5' ],
21 silly audit   'convert-source-map': [ '2.0.0' ],
21 silly audit   cookie: [ '0.7.2', '1.1.1' ],
21 silly audit   'cookie-signature': [ '1.2.2' ],
21 silly audit   cors: [ '2.8.6' ],
21 silly audit   cosmiconfig: [ '9.0.0' ],
21 silly audit   'cross-spawn': [ '7.0.6' ],
21 silly audit   cssesc: [ '3.0.0' ],
21 silly audit   csstype: [ '3.2.3' ],
21 silly audit   'damerau-levenshtein': [ '1.0.8' ],
21 silly audit   'data-uri-to-buffer': [ '4.0.1' ],
21 silly audit   'data-view-buffer': [ '1.0.2' ],
21 silly audit   'data-view-byte-length': [ '1.0.2' ],
21 silly audit   'data-view-byte-offset': [ '1.0.1' ],
21 silly audit   'date-fns': [ '3.6.0' ],
21 silly audit   debug: [ '4.4.3', '3.2.7' ],
21 silly audit   dedent: [ '1.7.1' ],
21 silly audit   'deep-is': [ '0.1.4' ],
21 silly audit   deepmerge: [ '4.3.1' ],
21 silly audit   'default-browser': [ '5.4.0' ],
21 silly audit   'default-browser-id': [ '5.0.1' ],
21 silly audit   'define-data-property': [ '1.1.4' ],
21 silly audit   'define-lazy-prop': [ '3.0.0' ],
21 silly audit   'define-properties': [ '1.2.1' ],
21 silly audit   depd: [ '2.0.0' ],
21 silly audit   'detect-libc': [ '2.1.2' ],
21 silly audit   'detect-node-es': [ '1.1.0' ],
21 silly audit   didyoumean: [ '1.2.2' ],
21 silly audit   diff: [ '8.0.3' ],
21 silly audit   dlv: [ '1.1.3' ],
21 silly audit   doctrine: [ '2.1.0' ],
21 silly audit   dotenv: [ '17.2.3' ],
21 silly audit   'dunder-proto': [ '1.0.1' ],
21 silly audit   'ecdsa-sig-formatter': [ '1.0.11' ],
21 silly audit   eciesjs: [ '0.4.17' ],
21 silly audit   'ee-first': [ '1.1.1' ],
21 silly audit   'electron-to-chromium': [ '1.5.279' ],
21 silly audit   encodeurl: [ '2.0.0' ],
21 silly audit   'env-paths': [ '2.2.1' ],
21 silly audit   'error-ex': [ '1.3.4' ],
21 silly audit   'es-abstract': [ '1.24.1' ],
21 silly audit   'es-define-property': [ '1.0.1' ],
21 silly audit   'es-errors': [ '1.3.0' ],
21 silly audit   'es-iterator-helpers': [ '1.2.2' ],
21 silly audit   'es-object-atoms': [ '1.1.1' ],
21 silly audit   'es-set-tostringtag': [ '2.1.0' ],
21 silly audit   'es-shim-unscopables': [ '1.1.0' ],
21 silly audit   'es-to-primitive': [ '1.3.0' ],
21 silly audit   escalade: [ '3.2.0' ],
21 silly audit   'escape-html': [ '1.0.3' ],
21 silly audit   'escape-string-regexp': [ '4.0.0' ],
21 silly audit   eslint: [ '9.39.2' ],
21 silly audit   'eslint-config-next': [ '16.1.5' ],
21 silly audit   globals: [ '16.4.0', '14.0.0' ],
21 silly audit   'eslint-import-resolver-node': [ '0.3.9' ],
21 silly audit   'eslint-import-resolver-typescript': [ '3.10.1' ],
21 silly audit   'eslint-module-utils': [ '2.12.1' ],
21 silly audit   'eslint-plugin-import': [ '2.32.0' ],
21 silly audit   'eslint-plugin-jsx-a11y': [ '6.10.2' ],
21 silly audit   'eslint-plugin-react': [ '7.37.5' ],
21 silly audit   'eslint-plugin-react-hooks': [ '7.0.1' ],
21 silly audit   resolve: [ '2.0.0-next.5', '1.22.11' ],
21 silly audit   'eslint-scope': [ '8.4.0' ],
21 silly audit   espree: [ '10.4.0' ],
21 silly audit   esprima: [ '4.0.1' ],
21 silly audit   esquery: [ '1.7.0' ],
21 silly audit   esrecurse: [ '4.3.0' ],
21 silly audit   estraverse: [ '5.3.0' ],
21 silly audit   esutils: [ '2.0.3' ],
21 silly audit   etag: [ '1.8.1' ],
21 silly audit   eventsource: [ '3.0.7' ],
21 silly audit   'eventsource-parser': [ '3.0.6' ],
21 silly audit   'is-stream': [ '4.0.1', '2.0.1' ],
21 silly audit   express: [ '5.2.1' ],
21 silly audit   'express-rate-limit': [ '7.5.1' ],
21 silly audit   extend: [ '3.0.2' ],
21 silly audit   'fast-deep-equal': [ '3.1.3' ],
21 silly audit   'fast-json-stable-stringify': [ '2.1.0' ],
21 silly audit   'fast-levenshtein': [ '2.0.6' ],
21 silly audit   'fast-uri': [ '3.1.0' ],
21 silly audit   fastq: [ '1.20.1' ],
21 silly audit   fdir: [ '6.5.0' ],
21 silly audit   'fetch-blob': [ '3.2.0' ],
21 silly audit   figures: [ '6.1.0' ],
21 silly audit   'file-entry-cache': [ '8.0.0' ],
21 silly audit   'fill-range': [ '7.1.1' ],
21 silly audit   finalhandler: [ '2.1.1' ],
21 silly audit   'find-up': [ '5.0.0' ],
21 silly audit   'flat-cache': [ '4.0.1' ],
21 silly audit   flatted: [ '3.3.3' ],
21 silly audit   'for-each': [ '0.3.5' ],
21 silly audit   'formdata-polyfill': [ '4.0.10' ],
21 silly audit   forwarded: [ '0.2.0' ],
21 silly audit   'fraction.js': [ '5.3.4' ],
21 silly audit   fresh: [ '2.0.0' ],
21 silly audit   'fs-extra': [ '11.3.3' ],
21 silly audit   fsevents: [ '2.3.3' ],
21 silly audit   'function-bind': [ '1.1.2' ],
21 silly audit   'function.prototype.name': [ '1.1.8' ],
21 silly audit   'functions-have-names': [ '1.2.3' ],
21 silly audit   fuzzysort: [ '3.1.0' ],
21 silly audit   fzf: [ '0.5.2' ],
21 silly audit   gaxios: [ '6.7.1' ],
21 silly audit   uuid: [ '9.0.1', '8.3.2', '13.0.0' ],
21 silly audit   'gcp-metadata': [ '6.1.1' ],
21 silly audit   'generator-function': [ '2.0.1' ],
21 silly audit   gensync: [ '1.0.0-beta.2' ],
21 silly audit   'get-caller-file': [ '2.0.5' ],
21 silly audit   'get-east-asian-width': [ '1.4.0' ],
21 silly audit   'get-intrinsic': [ '1.3.0' ],
21 silly audit   'get-nonce': [ '1.0.1' ],
21 silly audit   'get-own-enumerable-keys': [ '1.0.0' ],
21 silly audit   'get-proto': [ '1.0.1' ],
21 silly audit   'get-symbol-description': [ '1.1.0' ],
21 silly audit   'get-tsconfig': [ '4.13.0' ],
21 silly audit   globalthis: [ '1.0.4' ],
21 silly audit   'google-auth-library': [ '9.15.1' ],
21 silly audit   'google-logging-utils': [ '0.0.2' ],
21 silly audit   googleapis: [ '126.0.1' ],
21 silly audit   'googleapis-common': [ '7.2.0' ],
21 silly audit   gopd: [ '1.2.0' ],
21 silly audit   'graceful-fs': [ '4.2.11' ],
21 silly audit   graphql: [ '16.12.0' ],
21 silly audit   gtoken: [ '7.1.0' ],
21 silly audit   'has-bigints': [ '1.1.0' ],
21 silly audit   'has-flag': [ '4.0.0' ],
21 silly audit   'has-property-descriptors': [ '1.0.2' ],
21 silly audit   'has-proto': [ '1.2.0' ],
21 silly audit   'has-symbols': [ '1.1.0' ],
21 silly audit   'has-tostringtag': [ '1.0.2' ],
21 silly audit   hasown: [ '2.0.2' ],
21 silly audit   'headers-polyfill': [ '4.0.3' ],
21 silly audit   'hermes-estree': [ '0.25.1' ],
21 silly audit   'hermes-parser': [ '0.25.1' ],
21 silly audit   'http-errors': [ '2.0.1' ],
21 silly audit   'https-proxy-agent': [ '7.0.6' ],
21 silly audit   'iconv-lite': [ '0.7.2' ],
21 silly audit   'import-fresh': [ '3.3.1' ],
21 silly audit   imurmurhash: [ '0.1.4' ],
21 silly audit   inherits: [ '2.0.4' ],
21 silly audit   'internal-slot': [ '1.1.0' ],
21 silly audit   'ipaddr.js': [ '1.9.1' ],
21 silly audit   'is-array-buffer': [ '3.0.5' ],
21 silly audit   'is-arrayish': [ '0.2.1' ],
21 silly audit   'is-async-function': [ '2.1.1' ],
21 silly audit   'is-bigint': [ '1.1.0' ],
21 silly audit   'is-binary-path': [ '2.1.0' ],
21 silly audit   'is-boolean-object': [ '1.2.2' ],
21 silly audit   'is-bun-module': [ '2.0.0' ],
21 silly audit   'is-callable': [ '1.2.7' ],
21 silly audit   'is-core-module': [ '2.16.1' ],
21 silly audit   'is-data-view': [ '1.0.2' ],
21 silly audit   'is-date-object': [ '1.1.0' ],
21 silly audit   'is-docker': [ '3.0.0' ],
21 silly audit   'is-extglob': [ '2.1.1' ],
21 silly audit   'is-finalizationregistry': [ '1.1.1' ],
21 silly audit   'is-fullwidth-code-point': [ '3.0.0' ],
21 silly audit   'is-generator-function': [ '1.1.2' ],
21 silly audit   'is-glob': [ '4.0.3' ],
21 silly audit   'is-in-ssh': [ '1.0.0' ],
21 silly audit   'is-inside-container': [ '1.0.0' ],
21 silly audit   'is-interactive': [ '2.0.0' ],
21 silly audit   'is-map': [ '2.0.3' ],
21 silly audit   'is-negative-zero': [ '2.0.3' ],
21 silly audit   'is-node-process': [ '1.2.0' ],
21 silly audit   'is-number': [ '7.0.0' ],
21 silly audit   'is-number-object': [ '1.1.1' ],
21 silly audit   'is-obj': [ '3.0.0' ],
21 silly audit   'is-plain-obj': [ '4.1.0' ],
21 silly audit   'is-promise': [ '4.0.0' ],
21 silly audit   'is-regex': [ '1.2.1' ],
21 silly audit   'is-regexp': [ '3.1.0' ],
21 silly audit   'is-set': [ '2.0.3' ],
21 silly audit   'is-shared-array-buffer': [ '1.0.4' ],
21 silly audit   'is-string': [ '1.1.1' ],
21 silly audit   'is-symbol': [ '1.1.1' ],
21 silly audit   'is-typed-array': [ '1.1.15' ],
21 silly audit   'is-unicode-supported': [ '2.1.0', '1.3.0' ],
21 silly audit   'is-weakmap': [ '2.0.2' ],
21 silly audit   'is-weakref': [ '1.1.1' ],
21 silly audit   'is-weakset': [ '2.0.4' ],
21 silly audit   'is-wsl': [ '3.1.0' ],
21 silly audit   isarray: [ '2.0.5' ],
21 silly audit   'iterator.prototype': [ '1.1.5' ],
21 silly audit   jiti: [ '1.21.7' ],
21 silly audit   'js-tokens': [ '4.0.0' ],
21 silly audit   'js-yaml': [ '4.1.1' ],
21 silly audit   jsesc: [ '3.1.0' ],
21 silly audit   'json-bigint': [ '1.0.0' ],
21 silly audit   'json-buffer': [ '3.0.1' ],
21 silly audit   'json-parse-even-better-errors': [ '2.3.1' ],
21 silly audit   'json-schema-typed': [ '8.0.2' ],
21 silly audit   'json-stable-stringify-without-jsonify': [ '1.0.1' ],
21 silly audit   json5: [ '2.2.3', '1.0.2' ],
21 silly audit   jsonfile: [ '6.2.0' ],
21 silly audit   'jsx-ast-utils': [ '3.3.5' ],
21 silly audit   jwa: [ '2.0.1' ],
21 silly audit   jws: [ '4.0.1' ],
21 silly audit   keyv: [ '4.5.4' ],
21 silly audit   kleur: [ '4.1.5', '3.0.3' ],
21 silly audit   'language-subtag-registry': [ '0.3.23' ],
21 silly audit   'language-tags': [ '1.0.9' ],
21 silly audit   levn: [ '0.4.1' ],
21 silly audit   lilconfig: [ '3.1.3' ],
21 silly audit   'lines-and-columns': [ '1.2.4' ],
21 silly audit   'locate-path': [ '6.0.0' ],
21 silly audit   'lodash.merge': [ '4.6.2' ],
21 silly audit   'log-symbols': [ '6.0.0' ],
21 silly audit   'loose-envify': [ '1.4.0' ],
21 silly audit   'lucide-react': [ '0.309.0' ],
21 silly audit   'math-intrinsics': [ '1.1.0' ],
21 silly audit   'media-typer': [ '1.1.0' ],
21 silly audit   'merge-descriptors': [ '2.0.0' ],
21 silly audit   'merge-stream': [ '2.0.0' ],
21 silly audit   merge2: [ '1.4.1' ],
21 silly audit   micromatch: [ '4.0.8' ],
21 silly audit   'mime-db': [ '1.54.0' ],
21 silly audit   'mime-types': [ '3.0.2' ],
21 silly audit   'mimic-fn': [ '2.1.0' ],
21 silly audit   'mimic-function': [ '5.0.1' ],
21 silly audit   minimist: [ '1.2.8' ],
21 silly audit   ms: [ '2.1.3' ],
21 silly audit   msw: [ '2.12.7' ],
21 silly audit   'mute-stream': [ '2.0.0' ],
21 silly audit   mz: [ '2.7.0' ],
21 silly audit   nanoid: [ '3.3.11' ],
21 silly audit   'napi-postinstall': [ '0.3.4' ],
21 silly audit   'natural-compare': [ '1.4.0' ],
21 silly audit   negotiator: [ '1.0.0' ],
21 silly audit   next: [ '16.1.5' ],
21 silly audit   'next-auth': [ '4.24.13' ],
21 silly audit   'node-domexception': [ '1.0.0' ],
21 silly audit   'node-fetch': [ '2.7.0', '3.3.2' ],
21 silly audit   'node-releases': [ '2.0.27' ],
21 silly audit   'normalize-path': [ '3.0.0' ],
21 silly audit   'path-key': [ '4.0.0', '3.1.1' ],
21 silly audit   oauth: [ '0.9.15' ],
21 silly audit   'object-assign': [ '4.1.1' ],
21 silly audit   'object-hash': [ '2.2.0', '3.0.0' ],
21 silly audit   'object-inspect': [ '1.13.4' ],
21 silly audit   'object-keys': [ '1.1.1' ],
21 silly audit   'object-treeify': [ '1.1.33' ],
21 silly audit   'object.assign': [ '4.1.7' ],
21 silly audit   'object.entries': [ '1.1.9' ],
21 silly audit   'object.fromentries': [ '2.0.8' ],
21 silly audit   'object.groupby': [ '1.0.3' ],
21 silly audit   'object.values': [ '1.2.1' ],
21 silly audit   'oidc-token-hash': [ '5.2.0' ],
21 silly audit   'on-finished': [ '2.4.1' ],
21 silly audit   once: [ '1.4.0' ],
21 silly audit   open: [ '11.0.0' ],
21 silly audit   'openid-client': [ '5.7.1' ],
21 silly audit   optionator: [ '0.9.4' ],
21 silly audit   ora: [ '8.2.0' ],
21 silly audit   outvariant: [ '1.4.3' ],
21 silly audit   'own-keys': [ '1.0.1' ],
21 silly audit   'p-limit': [ '3.1.0' ],
21 silly audit   'p-locate': [ '5.0.0' ],
21 silly audit   'package-manager-detector': [ '1.6.0' ],
21 silly audit   'parent-module': [ '1.0.1' ],
21 silly audit   'parse-json': [ '5.2.0' ],
21 silly audit   'parse-ms': [ '4.0.0' ],
21 silly audit   parseurl: [ '1.3.3' ],
21 silly audit   'path-browserify': [ '1.0.1' ],
21 silly audit   'path-exists': [ '4.0.0' ],
21 silly audit   'path-parse': [ '1.0.7' ],
21 silly audit   'path-to-regexp': [ '6.3.0', '8.3.0' ],
21 silly audit   picocolors: [ '1.1.1' ],
21 silly audit   pify: [ '2.3.0' ],
21 silly audit   pirates: [ '4.0.7' ],
21 silly audit   'pkce-challenge': [ '5.0.1' ],
21 silly audit   'possible-typed-array-names': [ '1.1.0' ],
21 silly audit   postcss: [ '8.4.31', '8.5.6' ],
21 silly audit   'postcss-import': [ '15.1.0' ],
21 silly audit   'postcss-js': [ '4.1.0' ],
21 silly audit   'postcss-load-config': [ '6.0.1' ],
21 silly audit   'postcss-nested': [ '6.2.0' ],
21 silly audit   'postcss-selector-parser': [ '6.1.2', '7.1.1' ],
21 silly audit   'postcss-value-parser': [ '4.2.0' ],
21 silly audit   'powershell-utils': [ '0.1.0' ],
21 silly audit   preact: [ '10.28.2' ],
21 silly audit   'preact-render-to-string': [ '5.2.6' ],
21 silly audit   'prelude-ls': [ '1.2.1' ],
21 silly audit   'pretty-format': [ '3.8.0' ],
21 silly audit   'pretty-ms': [ '9.3.0' ],
21 silly audit   prompts: [ '2.4.2' ],
21 silly audit   'prop-types': [ '15.8.1' ],
21 silly audit   'proxy-addr': [ '2.0.7' ],
21 silly audit   punycode: [ '2.3.1' ],
21 silly audit   qs: [ '6.14.1' ],
21 silly audit   'queue-microtask': [ '1.2.3' ],
21 silly audit   'range-parser': [ '1.2.1' ],
21 silly audit   'raw-body': [ '3.0.2' ],
21 silly audit   react: [ '19.2.3' ],
21 silly audit   'react-dom': [ '19.2.3' ],
21 silly audit   'react-hook-form': [ '7.71.1' ],
21 silly audit   'react-is': [ '16.13.1' ],
21 silly audit   'react-remove-scroll': [ '2.7.2' ],
21 silly audit   'react-remove-scroll-bar': [ '2.3.8' ],
21 silly audit   'react-style-singleton': [ '2.2.3' ],
21 silly audit   'read-cache': [ '1.0.0' ],
21 silly audit   readdirp: [ '3.6.0' ],
21 silly audit   recast: [ '0.23.11' ],
21 silly audit   'reflect.getprototypeof': [ '1.0.10' ],
21 silly audit   'regexp.prototype.flags': [ '1.5.4' ],
21 silly audit   'require-directory': [ '2.1.1' ],
21 silly audit   'require-from-string': [ '2.0.2' ],
21 silly audit   'resolve-from': [ '4.0.0' ],
21 silly audit   'resolve-pkg-maps': [ '1.0.0' ],
21 silly audit   'restore-cursor': [ '5.1.0' ],
21 silly audit   rettime: [ '0.7.0' ],
21 silly audit   reusify: [ '1.1.0' ],
21 silly audit   router: [ '2.2.0' ],
21 silly audit   'run-applescript': [ '7.1.0' ],
21 silly audit   'run-parallel': [ '1.2.0' ],
21 silly audit   'safe-array-concat': [ '1.1.3' ],
21 silly audit   'safe-buffer': [ '5.2.1' ],
21 silly audit   'safe-push-apply': [ '1.0.0' ],
21 silly audit   'safe-regex-test': [ '1.1.0' ],
21 silly audit   'safer-buffer': [ '2.1.2' ],
21 silly audit   scheduler: [ '0.27.0' ],
21 silly audit   send: [ '1.2.1' ],
21 silly audit   'serve-static': [ '2.2.1' ],
21 silly audit   'set-function-length': [ '1.2.2' ],
21 silly audit   'set-function-name': [ '2.0.2' ],
21 silly audit   'set-proto': [ '1.0.0' ],
21 silly audit   setprototypeof: [ '1.2.0' ],
21 silly audit   shadcn: [ '3.7.0' ],
21 silly audit   'tsconfig-paths': [ '4.2.0', '3.15.0' ],
21 silly audit   sharp: [ '0.34.5' ],
21 silly audit   'shebang-command': [ '2.0.0' ],
21 silly audit   'shebang-regex': [ '3.0.0' ],
21 silly audit   'side-channel': [ '1.1.0' ],
21 silly audit   'side-channel-list': [ '1.0.0' ],
21 silly audit   'side-channel-map': [ '1.0.1' ],
21 silly audit   'side-channel-weakmap': [ '1.0.2' ],
21 silly audit   sisteransi: [ '1.0.5' ],
21 silly audit   'source-map': [ '0.6.1' ],
21 silly audit   'source-map-js': [ '1.2.1' ],
21 silly audit   'stable-hash': [ '0.0.5' ],
21 silly audit   statuses: [ '2.0.2' ],
21 silly audit   'stdin-discarder': [ '0.2.2' ],
21 silly audit   'stop-iteration-iterator': [ '1.1.0' ],
21 silly audit   'strict-event-emitter': [ '0.5.1' ],
21 silly audit   'string.prototype.includes': [ '2.0.1' ],
21 silly audit   'string.prototype.matchall': [ '4.0.12' ],
21 silly audit   'string.prototype.repeat': [ '1.0.0' ],
21 silly audit   'string.prototype.trim': [ '1.2.10' ],
21 silly audit   'string.prototype.trimend': [ '1.0.9' ],
21 silly audit   'string.prototype.trimstart': [ '1.0.8' ],
21 silly audit   'stringify-object': [ '5.0.0' ],
21 silly audit   'strip-bom': [ '3.0.0' ],
21 silly audit   'strip-json-comments': [ '3.1.1' ],
21 silly audit   'styled-jsx': [ '5.1.6' ],
21 silly audit   sucrase: [ '3.35.1' ],
21 silly audit   'supports-color': [ '7.2.0' ],
21 silly audit   'supports-preserve-symlinks-flag': [ '1.0.0' ],
21 silly audit   'tagged-tag': [ '1.0.0' ],
21 silly audit   'tailwind-merge': [ '2.6.0' ],
21 silly audit   tailwindcss: [ '3.4.19' ],
21 silly audit   'tailwindcss-animate': [ '1.0.7' ],
21 silly audit   thenify: [ '3.3.1' ],
21 silly audit   'thenify-all': [ '1.6.0' ],
21 silly audit   'tiny-invariant': [ '1.3.3' ],
21 silly audit   tinyexec: [ '1.0.2' ],
21 silly audit   tinyglobby: [ '0.2.15' ],
21 silly audit   tldts: [ '7.0.19' ],
21 silly audit   'tldts-core': [ '7.0.19' ],
21 silly audit   'to-regex-range': [ '5.0.1' ],
21 silly audit   toidentifier: [ '1.0.1' ],
21 silly audit   'tough-cookie': [ '6.0.0' ],
21 silly audit   tr46: [ '0.0.3' ],
21 silly audit   'ts-api-utils': [ '2.4.0' ],
21 silly audit   'ts-interface-checker': [ '0.1.13' ],
21 silly audit   'ts-morph': [ '26.0.0' ],
21 silly audit   tslib: [ '2.8.1' ],
21 silly audit   'type-check': [ '0.4.0' ],
21 silly audit   'type-fest': [ '5.4.2' ],
21 silly audit   'type-is': [ '2.0.1' ],
21 silly audit   'typed-array-buffer': [ '1.0.3' ],
21 silly audit   'typed-array-byte-length': [ '1.0.3' ],
21 silly audit   'typed-array-byte-offset': [ '1.0.4' ],
21 silly audit   'typed-array-length': [ '1.0.7' ],
21 silly audit   typescript: [ '5.9.3' ],
21 silly audit   'typescript-eslint': [ '8.54.0' ],
21 silly audit   'unbox-primitive': [ '1.1.0' ],
21 silly audit   'undici-types': [ '6.21.0' ],
21 silly audit   'unicorn-magic': [ '0.3.0' ],
21 silly audit   universalify: [ '2.0.1' ],
21 silly audit   unpipe: [ '1.0.0' ],
21 silly audit   'unrs-resolver': [ '1.11.1' ],
21 silly audit   'until-async': [ '3.0.2' ],
21 silly audit   'update-browserslist-db': [ '1.2.3' ],
21 silly audit   'uri-js': [ '4.4.1' ],
21 silly audit   'url-template': [ '2.0.8' ],
21 silly audit   'use-callback-ref': [ '1.3.3' ],
21 silly audit   'use-sidecar': [ '1.1.3' ],
21 silly audit   'use-sync-external-store': [ '1.6.0' ],
21 silly audit   'util-deprecate': [ '1.0.2' ],
21 silly audit   'validate-npm-package-name': [ '7.0.2' ],
21 silly audit   vary: [ '1.1.2' ],
21 silly audit   'web-streams-polyfill': [ '3.3.3' ],
21 silly audit   'webidl-conversions': [ '3.0.1' ],
21 silly audit   'whatwg-url': [ '5.0.0' ],
21 silly audit   'which-boxed-primitive': [ '1.1.1' ],
21 silly audit   'which-builtin-type': [ '1.2.1' ],
21 silly audit   'which-collection': [ '1.0.2' ],
21 silly audit   'which-typed-array': [ '1.1.20' ],
21 silly audit   'word-wrap': [ '1.2.5' ],
21 silly audit   wrappy: [ '1.0.2' ],
21 silly audit   'wsl-utils': [ '0.3.1' ],
21 silly audit   y18n: [ '5.0.8' ],
21 silly audit   yargs: [ '17.7.2' ],
21 silly audit   'yargs-parser': [ '21.1.1' ],
21 silly audit   'yocto-queue': [ '0.1.0' ],
21 silly audit   yoctocolors: [ '2.1.2' ],
21 silly audit   'yoctocolors-cjs': [ '2.1.3' ],
21 silly audit   zod: [ '3.25.76' ],
21 silly audit   'zod-to-json-schema': [ '3.25.1' ],
21 silly audit   'zod-validation-error': [ '4.0.2' ],
21 silly audit   '@types/bcryptjs': [ '2.4.6' ]
21 silly audit }
22 verbose reify failed optional dependency /Users/t.punhongwiset/Documents/Autobot/WorkFlow_New_Product/node_modules/@unrs/resolver-binding-win32-x64-msvc
23 silly reify mark deleted [
23 silly reify   '/Users/t.punhongwiset/Documents/Autobot/WorkFlow_New_Product/node_modules/@unrs/resolver-binding-win32-x64-msvc'
23 silly reify ]
24 verbose reify failed optional dependency /Users/t.punhongwiset/Documents/Autobot/WorkFlow_New_Product/node_modules/@unrs/resolver-binding-win32-ia32-msvc
25 silly reify mark deleted [
25 silly reify   '/Users/t.punhongwiset/Documents/Autobot/WorkFlow_New_Product/node_modules/@unrs/resolver-binding-win32-ia32-msvc'
25 silly reify ]
26 verbose reify failed optional dependency /Users/t.punhongwiset/Documents/Autobot/WorkFlow_New_Product/node_modules/@unrs/resolver-binding-win32-arm64-msvc
27 silly reify mark deleted [
27 silly reify   '/Users/t.punhongwiset/Documents/Autobot/WorkFlow_New_Product/node_modules/@unrs/resolver-binding-win32-arm64-msvc'
27 silly reify ]
28 verbose reify failed optional dependency /Users/t.punhongwiset/Documents/Autobot/WorkFlow_New_Product/node_modules/@unrs/resolver-binding-wasm32-wasi
29 silly reify mark deleted [
29 silly reify   '/Users/t.punhongwiset/Documents/Autobot/WorkFlow_New_Product/node_modules/@unrs/resolver-binding-wasm32-wasi'
29 silly reify ]
30 verbose reify failed optional dependency /Users/t.punhongwiset/Documents/Autobot/WorkFlow_New_Product/node_modules/@napi-rs/wasm-runtime
31 silly reify mark deleted [
31 silly reify   '/Users/t.punhongwiset/Documents/Autobot/WorkFlow_New_Product/node_modules/@napi-rs/wasm-runtime'
31 silly reify ]
32 verbose reify failed optional dependency /Users/t.punhongwiset/Documents/Autobot/WorkFlow_New_Product/node_modules/@emnapi/core
33 silly reify mark deleted [
33 silly reify   '/Users/t.punhongwiset/Documents/Autobot/WorkFlow_New_Product/node_modules/@emnapi/core'
33 silly reify ]
34 verbose reify failed optional dependency /Users/t.punhongwiset/Documents/Autobot/WorkFlow_New_Product/node_modules/@tybys/wasm-util
35 silly reify mark deleted [
35 silly reify   '/Users/t.punhongwiset/Documents/Autobot/WorkFlow_New_Product/node_modules/@tybys/wasm-util'
35 silly reify ]
36 verbose reify failed optional dependency /Users/t.punhongwiset/Documents/Autobot/WorkFlow_New_Product/node_modules/@emnapi/wasi-threads
37 silly reify mark deleted [
37 silly reify   '/Users/t.punhongwiset/Documents/Autobot/WorkFlow_New_Product/node_modules/@emnapi/wasi-threads'
37 silly reify ]
38 verbose reify failed optional dependency /Users/t.punhongwiset/Documents/Autobot/WorkFlow_New_Product/node_modules/@unrs/resolver-binding-linux-x64-musl
39 silly reify mark deleted [
39 silly reify   '/Users/t.punhongwiset/Documents/Autobot/WorkFlow_New_Product/node_modules/@unrs/resolver-binding-linux-x64-musl'
39 silly reify ]
40 verbose reify failed optional dependency /Users/t.punhongwiset/Documents/Autobot/WorkFlow_New_Product/node_modules/@unrs/resolver-binding-linux-x64-gnu
41 silly reify mark deleted [
41 silly reify   '/Users/t.punhongwiset/Documents/Autobot/WorkFlow_New_Product/node_modules/@unrs/resolver-binding-linux-x64-gnu'
41 silly reify ]
42 verbose reify failed optional dependency /Users/t.punhongwiset/Documents/Autobot/WorkFlow_New_Product/node_modules/@unrs/resolver-binding-linux-s390x-gnu
43 silly reify mark deleted [
43 silly reify   '/Users/t.punhongwiset/Documents/Autobot/WorkFlow_New_Product/node_modules/@unrs/resolver-binding-linux-s390x-gnu'
43 silly reify ]
44 verbose reify failed optional dependency /Users/t.punhongwiset/Documents/Autobot/WorkFlow_New_Product/node_modules/@unrs/resolver-binding-linux-riscv64-musl
45 silly reify mark deleted [
45 silly reify   '/Users/t.punhongwiset/Documents/Autobot/WorkFlow_New_Product/node_modules/@unrs/resolver-binding-linux-riscv64-musl'
45 silly reify ]
46 verbose reify failed optional dependency /Users/t.punhongwiset/Documents/Autobot/WorkFlow_New_Product/node_modules/@unrs/resolver-binding-linux-riscv64-gnu
47 silly reify mark deleted [
47 silly reify   '/Users/t.punhongwiset/Documents/Autobot/WorkFlow_New_Product/node_modules/@unrs/resolver-binding-linux-riscv64-gnu'
47 silly reify ]
48 verbose reify failed optional dependency /Users/t.punhongwiset/Documents/Autobot/WorkFlow_New_Product/node_modules/@unrs/resolver-binding-linux-ppc64-gnu
49 silly reify mark deleted [
49 silly reify   '/Users/t.punhongwiset/Documents/Autobot/WorkFlow_New_Product/node_modules/@unrs/resolver-binding-linux-ppc64-gnu'
49 silly reify ]
50 verbose reify failed optional dependency /Users/t.punhongwiset/Documents/Autobot/WorkFlow_New_Product/node_modules/@unrs/resolver-binding-linux-arm64-musl
51 silly reify mark deleted [
51 silly reify   '/Users/t.punhongwiset/Documents/Autobot/WorkFlow_New_Product/node_modules/@unrs/resolver-binding-linux-arm64-musl'
51 silly reify ]
52 verbose reify failed optional dependency /Users/t.punhongwiset/Documents/Autobot/WorkFlow_New_Product/node_modules/@unrs/resolver-binding-linux-arm64-gnu
53 silly reify mark deleted [
53 silly reify   '/Users/t.punhongwiset/Documents/Autobot/WorkFlow_New_Product/node_modules/@unrs/resolver-binding-linux-arm64-gnu'
53 silly reify ]
54 verbose reify failed optional dependency /Users/t.punhongwiset/Documents/Autobot/WorkFlow_New_Product/node_modules/@unrs/resolver-binding-linux-arm-musleabihf
55 silly reify mark deleted [
55 silly reify   '/Users/t.punhongwiset/Documents/Autobot/WorkFlow_New_Product/node_modules/@unrs/resolver-binding-linux-arm-musleabihf'
55 silly reify ]
56 verbose reify failed optional dependency /Users/t.punhongwiset/Documents/Autobot/WorkFlow_New_Product/node_modules/@unrs/resolver-binding-linux-arm-gnueabihf
57 silly reify mark deleted [
57 silly reify   '/Users/t.punhongwiset/Documents/Autobot/WorkFlow_New_Product/node_modules/@unrs/resolver-binding-linux-arm-gnueabihf'
57 silly reify ]
58 verbose reify failed optional dependency /Users/t.punhongwiset/Documents/Autobot/WorkFlow_New_Product/node_modules/@unrs/resolver-binding-freebsd-x64
59 silly reify mark deleted [
59 silly reify   '/Users/t.punhongwiset/Documents/Autobot/WorkFlow_New_Product/node_modules/@unrs/resolver-binding-freebsd-x64'
59 silly reify ]
60 verbose reify failed optional dependency /Users/t.punhongwiset/Documents/Autobot/WorkFlow_New_Product/node_modules/@unrs/resolver-binding-darwin-x64
61 silly reify mark deleted [
61 silly reify   '/Users/t.punhongwiset/Documents/Autobot/WorkFlow_New_Product/node_modules/@unrs/resolver-binding-darwin-x64'
61 silly reify ]
62 verbose reify failed optional dependency /Users/t.punhongwiset/Documents/Autobot/WorkFlow_New_Product/node_modules/@unrs/resolver-binding-android-arm64
63 silly reify mark deleted [
63 silly reify   '/Users/t.punhongwiset/Documents/Autobot/WorkFlow_New_Product/node_modules/@unrs/resolver-binding-android-arm64'
63 silly reify ]
64 verbose reify failed optional dependency /Users/t.punhongwiset/Documents/Autobot/WorkFlow_New_Product/node_modules/@unrs/resolver-binding-android-arm-eabi
65 silly reify mark deleted [
65 silly reify   '/Users/t.punhongwiset/Documents/Autobot/WorkFlow_New_Product/node_modules/@unrs/resolver-binding-android-arm-eabi'
65 silly reify ]
66 verbose reify failed optional dependency /Users/t.punhongwiset/Documents/Autobot/WorkFlow_New_Product/node_modules/@next/swc-win32-x64-msvc
67 silly reify mark deleted [
67 silly reify   '/Users/t.punhongwiset/Documents/Autobot/WorkFlow_New_Product/node_modules/@next/swc-win32-x64-msvc'
67 silly reify ]
68 verbose reify failed optional dependency /Users/t.punhongwiset/Documents/Autobot/WorkFlow_New_Product/node_modules/@next/swc-win32-arm64-msvc
69 silly reify mark deleted [
69 silly reify   '/Users/t.punhongwiset/Documents/Autobot/WorkFlow_New_Product/node_modules/@next/swc-win32-arm64-msvc'
69 silly reify ]
70 verbose reify failed optional dependency /Users/t.punhongwiset/Documents/Autobot/WorkFlow_New_Product/node_modules/@next/swc-linux-x64-musl
71 silly reify mark deleted [
71 silly reify   '/Users/t.punhongwiset/Documents/Autobot/WorkFlow_New_Product/node_modules/@next/swc-linux-x64-musl'
71 silly reify ]
72 verbose reify failed optional dependency /Users/t.punhongwiset/Documents/Autobot/WorkFlow_New_Product/node_modules/@next/swc-linux-x64-gnu
73 silly reify mark deleted [
73 silly reify   '/Users/t.punhongwiset/Documents/Autobot/WorkFlow_New_Product/node_modules/@next/swc-linux-x64-gnu'
73 silly reify ]
74 verbose reify failed optional dependency /Users/t.punhongwiset/Documents/Autobot/WorkFlow_New_Product/node_modules/@next/swc-linux-arm64-musl
75 silly reify mark deleted [
75 silly reify   '/Users/t.punhongwiset/Documents/Autobot/WorkFlow_New_Product/node_modules/@next/swc-linux-arm64-musl'
75 silly reify ]
76 verbose reify failed optional dependency /Users/t.punhongwiset/Documents/Autobot/WorkFlow_New_Product/node_modules/@next/swc-linux-arm64-gnu
77 silly reify mark deleted [
77 silly reify   '/Users/t.punhongwiset/Documents/Autobot/WorkFlow_New_Product/node_modules/@next/swc-linux-arm64-gnu'
77 silly reify ]
78 verbose reify failed optional dependency /Users/t.punhongwiset/Documents/Autobot/WorkFlow_New_Product/node_modules/@next/swc-darwin-x64
79 silly reify mark deleted [
79 silly reify   '/Users/t.punhongwiset/Documents/Autobot/WorkFlow_New_Product/node_modules/@next/swc-darwin-x64'
79 silly reify ]
80 verbose reify failed optional dependency /Users/t.punhongwiset/Documents/Autobot/WorkFlow_New_Product/node_modules/@img/sharp-win32-x64
81 silly reify mark deleted [
81 silly reify   '/Users/t.punhongwiset/Documents/Autobot/WorkFlow_New_Product/node_modules/@img/sharp-win32-x64'
81 silly reify ]
82 verbose reify failed optional dependency /Users/t.punhongwiset/Documents/Autobot/WorkFlow_New_Product/node_modules/@img/sharp-win32-ia32
83 silly reify mark deleted [
83 silly reify   '/Users/t.punhongwiset/Documents/Autobot/WorkFlow_New_Product/node_modules/@img/sharp-win32-ia32'
83 silly reify ]
84 verbose reify failed optional dependency /Users/t.punhongwiset/Documents/Autobot/WorkFlow_New_Product/node_modules/@img/sharp-win32-arm64
85 silly reify mark deleted [
85 silly reify   '/Users/t.punhongwiset/Documents/Autobot/WorkFlow_New_Product/node_modules/@img/sharp-win32-arm64'
85 silly reify ]
86 verbose reify failed optional dependency /Users/t.punhongwiset/Documents/Autobot/WorkFlow_New_Product/node_modules/@img/sharp-wasm32
87 silly reify mark deleted [
87 silly reify   '/Users/t.punhongwiset/Documents/Autobot/WorkFlow_New_Product/node_modules/@img/sharp-wasm32'
87 silly reify ]
88 verbose reify failed optional dependency /Users/t.punhongwiset/Documents/Autobot/WorkFlow_New_Product/node_modules/@img/sharp-linuxmusl-x64
89 silly reify mark deleted [
89 silly reify   '/Users/t.punhongwiset/Documents/Autobot/WorkFlow_New_Product/node_modules/@img/sharp-linuxmusl-x64'
89 silly reify ]
90 verbose reify failed optional dependency /Users/t.punhongwiset/Documents/Autobot/WorkFlow_New_Product/node_modules/@img/sharp-linuxmusl-arm64
91 silly reify mark deleted [
91 silly reify   '/Users/t.punhongwiset/Documents/Autobot/WorkFlow_New_Product/node_modules/@img/sharp-linuxmusl-arm64'
91 silly reify ]
92 verbose reify failed optional dependency /Users/t.punhongwiset/Documents/Autobot/WorkFlow_New_Product/node_modules/@img/sharp-linux-x64
93 silly reify mark deleted [
93 silly reify   '/Users/t.punhongwiset/Documents/Autobot/WorkFlow_New_Product/node_modules/@img/sharp-linux-x64'
93 silly reify ]
94 verbose reify failed optional dependency /Users/t.punhongwiset/Documents/Autobot/WorkFlow_New_Product/node_modules/@img/sharp-linux-s390x
95 silly reify mark deleted [
95 silly reify   '/Users/t.punhongwiset/Documents/Autobot/WorkFlow_New_Product/node_modules/@img/sharp-linux-s390x'
95 silly reify ]
96 verbose reify failed optional dependency /Users/t.punhongwiset/Documents/Autobot/WorkFlow_New_Product/node_modules/@img/sharp-linux-riscv64
97 silly reify mark deleted [
97 silly reify   '/Users/t.punhongwiset/Documents/Autobot/WorkFlow_New_Product/node_modules/@img/sharp-linux-riscv64'
97 silly reify ]
98 verbose reify failed optional dependency /Users/t.punhongwiset/Documents/Autobot/WorkFlow_New_Product/node_modules/@img/sharp-linux-ppc64
99 silly reify mark deleted [
99 silly reify   '/Users/t.punhongwiset/Documents/Autobot/WorkFlow_New_Product/node_modules/@img/sharp-linux-ppc64'
99 silly reify ]
100 verbose reify failed optional dependency /Users/t.punhongwiset/Documents/Autobot/WorkFlow_New_Product/node_modules/@img/sharp-linux-arm64
101 silly reify mark deleted [
101 silly reify   '/Users/t.punhongwiset/Documents/Autobot/WorkFlow_New_Product/node_modules/@img/sharp-linux-arm64'
101 silly reify ]
102 verbose reify failed optional dependency /Users/t.punhongwiset/Documents/Autobot/WorkFlow_New_Product/node_modules/@img/sharp-linux-arm
103 silly reify mark deleted [
103 silly reify   '/Users/t.punhongwiset/Documents/Autobot/WorkFlow_New_Product/node_modules/@img/sharp-linux-arm'
103 silly reify ]
104 verbose reify failed optional dependency /Users/t.punhongwiset/Documents/Autobot/WorkFlow_New_Product/node_modules/@img/sharp-libvips-linuxmusl-x64
105 silly reify mark deleted [
105 silly reify   '/Users/t.punhongwiset/Documents/Autobot/WorkFlow_New_Product/node_modules/@img/sharp-libvips-linuxmusl-x64'
105 silly reify ]
106 verbose reify failed optional dependency /Users/t.punhongwiset/Documents/Autobot/WorkFlow_New_Product/node_modules/@img/sharp-libvips-linuxmusl-arm64
107 silly reify mark deleted [
107 silly reify   '/Users/t.punhongwiset/Documents/Autobot/WorkFlow_New_Product/node_modules/@img/sharp-libvips-linuxmusl-arm64'
107 silly reify ]
108 verbose reify failed optional dependency /Users/t.punhongwiset/Documents/Autobot/WorkFlow_New_Product/node_modules/@img/sharp-libvips-linux-x64
109 silly reify mark deleted [
109 silly reify   '/Users/t.punhongwiset/Documents/Autobot/WorkFlow_New_Product/node_modules/@img/sharp-libvips-linux-x64'
109 silly reify ]
110 verbose reify failed optional dependency /Users/t.punhongwiset/Documents/Autobot/WorkFlow_New_Product/node_modules/@img/sharp-libvips-linux-s390x
111 silly reify mark deleted [
111 silly reify   '/Users/t.punhongwiset/Documents/Autobot/WorkFlow_New_Product/node_modules/@img/sharp-libvips-linux-s390x'
111 silly reify ]
112 verbose reify failed optional dependency /Users/t.punhongwiset/Documents/Autobot/WorkFlow_New_Product/node_modules/@img/sharp-libvips-linux-riscv64
113 silly reify mark deleted [
113 silly reify   '/Users/t.punhongwiset/Documents/Autobot/WorkFlow_New_Product/node_modules/@img/sharp-libvips-linux-riscv64'
113 silly reify ]
114 verbose reify failed optional dependency /Users/t.punhongwiset/Documents/Autobot/WorkFlow_New_Product/node_modules/@img/sharp-libvips-linux-ppc64
115 silly reify mark deleted [
115 silly reify   '/Users/t.punhongwiset/Documents/Autobot/WorkFlow_New_Product/node_modules/@img/sharp-libvips-linux-ppc64'
115 silly reify ]
116 verbose reify failed optional dependency /Users/t.punhongwiset/Documents/Autobot/WorkFlow_New_Product/node_modules/@img/sharp-libvips-linux-arm64
117 silly reify mark deleted [
117 silly reify   '/Users/t.punhongwiset/Documents/Autobot/WorkFlow_New_Product/node_modules/@img/sharp-libvips-linux-arm64'
117 silly reify ]
118 verbose reify failed optional dependency /Users/t.punhongwiset/Documents/Autobot/WorkFlow_New_Product/node_modules/@img/sharp-libvips-linux-arm
119 silly reify mark deleted [
119 silly reify   '/Users/t.punhongwiset/Documents/Autobot/WorkFlow_New_Product/node_modules/@img/sharp-libvips-linux-arm'
119 silly reify ]
120 verbose reify failed optional dependency /Users/t.punhongwiset/Documents/Autobot/WorkFlow_New_Product/node_modules/@img/sharp-libvips-darwin-x64
121 silly reify mark deleted [
121 silly reify   '/Users/t.punhongwiset/Documents/Autobot/WorkFlow_New_Product/node_modules/@img/sharp-libvips-darwin-x64'
121 silly reify ]
122 verbose reify failed optional dependency /Users/t.punhongwiset/Documents/Autobot/WorkFlow_New_Product/node_modules/@img/sharp-darwin-x64
123 silly reify mark deleted [
123 silly reify   '/Users/t.punhongwiset/Documents/Autobot/WorkFlow_New_Product/node_modules/@img/sharp-darwin-x64'
123 silly reify ]
124 http cache @types/bcryptjs@https://registry.npmjs.org/@types/bcryptjs/-/bcryptjs-2.4.6.tgz 0ms (cache hit)
125 http cache @tybys/wasm-util@https://registry.npmjs.org/@tybys/wasm-util/-/wasm-util-0.10.1.tgz 0ms (cache hit)
126 http cache @napi-rs/wasm-runtime@https://registry.npmjs.org/@napi-rs/wasm-runtime/-/wasm-runtime-0.2.12.tgz 0ms (cache hit)
127 http cache @emnapi/wasi-threads@https://registry.npmjs.org/@emnapi/wasi-threads/-/wasi-threads-1.1.0.tgz 0ms (cache hit)
128 http cache @emnapi/core@https://registry.npmjs.org/@emnapi/core/-/core-1.8.1.tgz 0ms (cache hit)
129 silly tarball no local data for @types/bcryptjs@https://registry.npmjs.org/@types/bcryptjs/-/bcryptjs-2.4.6.tgz. Extracting by manifest.
130 http fetch POST 200 https://registry.npmjs.org/-/npm/v1/security/advisories/bulk 342ms
131 silly audit report {}
132 http fetch GET 200 https://registry.npmjs.org/@types/bcryptjs/-/bcryptjs-2.4.6.tgz 564ms (cache miss)
133 silly ADD node_modules/@types/bcryptjs
134 silly ADD
135 silly ADD
136 silly ADD
137 silly ADD
138 silly ADD
139 silly ADD
140 silly ADD
141 silly ADD
142 silly ADD
143 silly ADD
144 silly ADD
145 silly ADD
146 silly ADD
147 silly ADD
148 silly ADD
149 silly ADD
150 silly ADD
151 silly ADD
152 silly ADD
153 silly ADD
154 silly ADD
155 silly ADD
156 silly ADD
157 silly ADD
158 silly ADD
159 silly ADD
160 silly ADD
161 silly ADD
162 silly ADD
163 silly ADD
164 silly ADD
165 silly ADD
166 silly ADD
167 silly ADD
168 silly ADD
169 silly ADD
170 silly ADD
171 silly ADD
172 silly ADD
173 silly ADD
174 silly ADD
175 silly ADD
176 silly ADD
177 silly ADD
178 silly ADD
179 silly ADD
180 silly ADD
181 silly ADD
182 silly ADD
183 silly ADD
184 silly ADD
185 verbose cwd /Users/t.punhongwiset/Documents/Autobot/WorkFlow_New_Product
186 verbose os Darwin 23.5.0
187 verbose node v22.14.0
188 verbose npm  v10.9.2
189 verbose exit 0
190 info ok
