0 verbose cli /usr/local/bin/node /usr/local/lib/node_modules/npm/bin/npm-cli.js
1 info using npm@10.9.2
2 info using node@v22.14.0
3 silly config load:file:/usr/local/lib/node_modules/npm/npmrc
4 silly config load:file:/Users/t.punhongwiset/Documents/Autobot/WorkFlow_New_Product/.npmrc
5 silly config load:file:/Users/t.punhongwiset/.npmrc
6 silly config load:file:/usr/local/etc/npmrc
7 verbose title npm exec shadcn@latest add form
8 verbose argv "exec" "--" "shadcn@latest" "add" "form"
9 verbose logfile logs-max:10 dir:/Users/t.punhongwiset/Documents/Autobot/WorkFlow_New_Product/npm-cache/_logs/2026-01-28T06_54_50_344Z-
10 verbose logfile /Users/t.punhongwiset/Documents/Autobot/WorkFlow_New_Product/npm-cache/_logs/2026-01-28T06_54_50_344Z-debug-0.log
11 silly logfile done cleaning log files
12 silly packumentCache heap:2197815296 maxSize:549453824 maxEntrySize:274726912
13 http fetch GET 200 https://registry.npmjs.org/shadcn 298ms (cache miss)
14 verbose cwd /Users/t.punhongwiset/Documents/Autobot/WorkFlow_New_Product
15 verbose os Darwin 23.5.0
16 verbose node v22.14.0
17 verbose npm  v10.9.2
18 verbose exit 0
19 info ok
